running egg_info
writing ../build/tcp_controller/tcp_controller.egg-info/PKG-INFO
writing dependency_links to ../build/tcp_controller/tcp_controller.egg-info/dependency_links.txt
writing entry points to ../build/tcp_controller/tcp_controller.egg-info/entry_points.txt
writing requirements to ../build/tcp_controller/tcp_controller.egg-info/requires.txt
writing top-level names to ../build/tcp_controller/tcp_controller.egg-info/top_level.txt
reading manifest file '../build/tcp_controller/tcp_controller.egg-info/SOURCES.txt'
writing manifest file '../build/tcp_controller/tcp_controller.egg-info/SOURCES.txt'
running build
running build_py
running install
running install_lib
running install_data
copying launch/tcpc_launch.xml -> /home/schoolacc/ros2_ws/src/install/tcp_controller/share/tcp_controller/launch
running install_egg_info
removing '/home/schoolacc/ros2_ws/src/install/tcp_controller/lib/python3.10/site-packages/tcp_controller-0.0.0-py3.10.egg-info' (and everything under it)
Copying ../build/tcp_controller/tcp_controller.egg-info to /home/schoolacc/ros2_ws/src/install/tcp_controller/lib/python3.10/site-packages/tcp_controller-0.0.0-py3.10.egg-info
running install_scripts
Installing simpletwist script to /home/schoolacc/ros2_ws/src/install/tcp_controller/lib/tcp_controller
Installing twistmocker script to /home/schoolacc/ros2_ws/src/install/tcp_controller/lib/tcp_controller
writing list of installed files to '/home/schoolacc/ros2_ws/src/build/tcp_controller/install.log'
