running egg_info
writing ../../build/DW_DarrensController/DW_DarrensController.egg-info/PKG-INFO
writing dependency_links to ../../build/DW_DarrensController/DW_DarrensController.egg-info/dependency_links.txt
writing entry points to ../../build/DW_DarrensController/DW_DarrensController.egg-info/entry_points.txt
writing requirements to ../../build/DW_DarrensController/DW_DarrensController.egg-info/requires.txt
writing top-level names to ../../build/DW_DarrensController/DW_DarrensController.egg-info/top_level.txt
reading manifest file '../../build/DW_DarrensController/DW_DarrensController.egg-info/SOURCES.txt'
adding license file 'LICENSE'
writing manifest file '../../build/DW_DarrensController/DW_DarrensController.egg-info/SOURCES.txt'
running build
running build_py
copying DW_DarrensController/keyboard_drive.py -> /home/darren/ros2_ws/build/DW_DarrensController/build/lib/DW_DarrensController
running install
running install_lib
copying /home/darren/ros2_ws/build/DW_DarrensController/build/lib/DW_DarrensController/keyboard_drive.py -> /home/darren/ros2_ws/install/DW_DarrensController/lib/python3.10/site-packages/DW_DarrensController
byte-compiling /home/darren/ros2_ws/install/DW_DarrensController/lib/python3.10/site-packages/DW_DarrensController/keyboard_drive.py to keyboard_drive.cpython-310.pyc
running install_data
running install_egg_info
removing '/home/darren/ros2_ws/install/DW_DarrensController/lib/python3.10/site-packages/DW_DarrensController-0.0.0-py3.10.egg-info' (and everything under it)
Copying ../../build/DW_DarrensController/DW_DarrensController.egg-info to /home/darren/ros2_ws/install/DW_DarrensController/lib/python3.10/site-packages/DW_DarrensController-0.0.0-py3.10.egg-info
running install_scripts
Installing keyboard_drive script to /home/darren/ros2_ws/install/DW_DarrensController/lib/DW_DarrensController
writing list of installed files to '/home/darren/ros2_ws/build/DW_DarrensController/install.log'
