[0.460s] Invoking command in '/home/darren/ros2_ws/build/DW_DarrensController': PYTHONPATH=/home/darren/ros2_ws/build/DW_DarrensController/prefix_override:/usr/lib/python3/dist-packages/colcon_core/task/python/colcon_distutils_commands:/home/darren/ros2_ws/install/DW_DarrensController/lib/python3.10/site-packages:${PYTHONPATH} /usr/bin/python3 -W ignore:setup.py install is deprecated setup.py develop --uninstall --editable --build-directory /home/darren/ros2_ws/build/DW_DarrensController/build
[0.653s] running develop
[0.653s] /usr/lib/python3/dist-packages/setuptools/command/easy_install.py:158: EasyInstallDeprecationWarning: easy_install command is deprecated. Use build and pip and other standards-based tools.
[0.653s]   warnings.warn(
[0.766s] Removing /home/darren/ros2_ws/install/DW_DarrensController/lib/python3.10/site-packages/DW-DarrensController.egg-link (link to .)
[0.786s] Invoked command in '/home/darren/ros2_ws/build/DW_DarrensController' returned '0': PYTHONPATH=/home/darren/ros2_ws/build/DW_DarrensController/prefix_override:/usr/lib/python3/dist-packages/colcon_core/task/python/colcon_distutils_commands:/home/darren/ros2_ws/install/DW_DarrensController/lib/python3.10/site-packages:${PYTHONPATH} /usr/bin/python3 -W ignore:setup.py install is deprecated setup.py develop --uninstall --editable --build-directory /home/darren/ros2_ws/build/DW_DarrensController/build
[0.787s] Invoking command in '/home/darren/ros2_ws/src/DW_DarrensController': PYTHONPATH=/home/darren/ros2_ws/build/DW_DarrensController/prefix_override:/usr/lib/python3/dist-packages/colcon_core/task/python/colcon_distutils_commands:/home/darren/ros2_ws/install/DW_DarrensController/lib/python3.10/site-packages:${PYTHONPATH} /usr/bin/python3 -W ignore:setup.py install is deprecated setup.py egg_info --egg-base ../../build/DW_DarrensController build --build-base /home/darren/ros2_ws/build/DW_DarrensController/build install --record /home/darren/ros2_ws/build/DW_DarrensController/install.log --single-version-externally-managed install_data --force
[0.964s] running egg_info
[0.965s] writing ../../build/DW_DarrensController/DW_DarrensController.egg-info/PKG-INFO
[0.965s] writing dependency_links to ../../build/DW_DarrensController/DW_DarrensController.egg-info/dependency_links.txt
[0.965s] writing entry points to ../../build/DW_DarrensController/DW_DarrensController.egg-info/entry_points.txt
[0.965s] writing requirements to ../../build/DW_DarrensController/DW_DarrensController.egg-info/requires.txt
[0.965s] writing top-level names to ../../build/DW_DarrensController/DW_DarrensController.egg-info/top_level.txt
[0.967s] reading manifest file '../../build/DW_DarrensController/DW_DarrensController.egg-info/SOURCES.txt'
[0.967s] adding license file 'LICENSE'
[0.968s] writing manifest file '../../build/DW_DarrensController/DW_DarrensController.egg-info/SOURCES.txt'
[0.968s] running build
[0.968s] running build_py
[0.968s] copying DW_DarrensController/thrustmaster_drive.py -> /home/darren/ros2_ws/build/DW_DarrensController/build/lib/DW_DarrensController
[0.969s] running install
[0.969s] running install_lib
[0.970s] copying /home/darren/ros2_ws/build/DW_DarrensController/build/lib/DW_DarrensController/thrustmaster_drive.py -> /home/darren/ros2_ws/install/DW_DarrensController/lib/python3.10/site-packages/DW_DarrensController
[0.970s] copying /home/darren/ros2_ws/build/DW_DarrensController/build/lib/DW_DarrensController/keyboard_drive.py -> /home/darren/ros2_ws/install/DW_DarrensController/lib/python3.10/site-packages/DW_DarrensController
[0.970s] copying /home/darren/ros2_ws/build/DW_DarrensController/build/lib/DW_DarrensController/__init__.py -> /home/darren/ros2_ws/install/DW_DarrensController/lib/python3.10/site-packages/DW_DarrensController
[0.970s] byte-compiling /home/darren/ros2_ws/install/DW_DarrensController/lib/python3.10/site-packages/DW_DarrensController/thrustmaster_drive.py to thrustmaster_drive.cpython-310.pyc
[0.971s] byte-compiling /home/darren/ros2_ws/install/DW_DarrensController/lib/python3.10/site-packages/DW_DarrensController/keyboard_drive.py to keyboard_drive.cpython-310.pyc
[0.971s] byte-compiling /home/darren/ros2_ws/install/DW_DarrensController/lib/python3.10/site-packages/DW_DarrensController/__init__.py to __init__.cpython-310.pyc
[0.972s] running install_data
[0.972s] copying resource/DW_DarrensController -> /home/darren/ros2_ws/install/DW_DarrensController/share/ament_index/resource_index/packages
[0.972s] copying package.xml -> /home/darren/ros2_ws/install/DW_DarrensController/share/DW_DarrensController
[0.972s] running install_egg_info
[0.974s] Copying ../../build/DW_DarrensController/DW_DarrensController.egg-info to /home/darren/ros2_ws/install/DW_DarrensController/lib/python3.10/site-packages/DW_DarrensController-0.0.0-py3.10.egg-info
[0.975s] running install_scripts
[0.991s] Installing thrustmaster_drive script to /home/darren/ros2_ws/install/DW_DarrensController/lib/DW_DarrensController
[0.992s] writing list of installed files to '/home/darren/ros2_ws/build/DW_DarrensController/install.log'
[1.010s] Invoked command in '/home/darren/ros2_ws/src/DW_DarrensController' returned '0': PYTHONPATH=/home/darren/ros2_ws/build/DW_DarrensController/prefix_override:/usr/lib/python3/dist-packages/colcon_core/task/python/colcon_distutils_commands:/home/darren/ros2_ws/install/DW_DarrensController/lib/python3.10/site-packages:${PYTHONPATH} /usr/bin/python3 -W ignore:setup.py install is deprecated setup.py egg_info --egg-base ../../build/DW_DarrensController build --build-base /home/darren/ros2_ws/build/DW_DarrensController/build install --record /home/darren/ros2_ws/build/DW_DarrensController/install.log --single-version-externally-managed install_data --force
