[0.457s] Invoking command in '/home/darren/ros2_ws/src/DW_DarrensController': PYTHONPATH=/home/darren/ros2_ws/build/DW_DarrensController/prefix_override:/usr/lib/python3/dist-packages/colcon_core/task/python/colcon_distutils_commands:/home/darren/ros2_ws/install/DW_DarrensController/lib/python3.10/site-packages:${PYTHONPATH} /usr/bin/python3 -W ignore:setup.py install is deprecated setup.py egg_info --egg-base ../../build/DW_DarrensController build --build-base /home/darren/ros2_ws/build/DW_DarrensController/build install --record /home/darren/ros2_ws/build/DW_DarrensController/install.log --single-version-externally-managed install_data
[0.638s] running egg_info
[0.638s] writing ../../build/DW_DarrensController/DW_DarrensController.egg-info/PKG-INFO
[0.638s] writing dependency_links to ../../build/DW_DarrensController/DW_DarrensController.egg-info/dependency_links.txt
[0.639s] writing entry points to ../../build/DW_DarrensController/DW_DarrensController.egg-info/entry_points.txt
[0.639s] writing requirements to ../../build/DW_DarrensController/DW_DarrensController.egg-info/requires.txt
[0.639s] writing top-level names to ../../build/DW_DarrensController/DW_DarrensController.egg-info/top_level.txt
[0.641s] reading manifest file '../../build/DW_DarrensController/DW_DarrensController.egg-info/SOURCES.txt'
[0.641s] adding license file 'LICENSE'
[0.641s] writing manifest file '../../build/DW_DarrensController/DW_DarrensController.egg-info/SOURCES.txt'
[0.641s] running build
[0.642s] running build_py
[0.642s] copying DW_DarrensController/keyboard_drive.py -> /home/darren/ros2_ws/build/DW_DarrensController/build/lib/DW_DarrensController
[0.642s] copying DW_DarrensController/keyboard_listener.py -> /home/darren/ros2_ws/build/DW_DarrensController/build/lib/DW_DarrensController
[0.642s] running install
[0.642s] running install_lib
[0.643s] copying /home/darren/ros2_ws/build/DW_DarrensController/build/lib/DW_DarrensController/keyboard_drive.py -> /home/darren/ros2_ws/install/DW_DarrensController/lib/python3.10/site-packages/DW_DarrensController
[0.643s] copying /home/darren/ros2_ws/build/DW_DarrensController/build/lib/DW_DarrensController/keyboard_listener.py -> /home/darren/ros2_ws/install/DW_DarrensController/lib/python3.10/site-packages/DW_DarrensController
[0.643s] byte-compiling /home/darren/ros2_ws/install/DW_DarrensController/lib/python3.10/site-packages/DW_DarrensController/keyboard_drive.py to keyboard_drive.cpython-310.pyc
[0.644s] byte-compiling /home/darren/ros2_ws/install/DW_DarrensController/lib/python3.10/site-packages/DW_DarrensController/keyboard_listener.py to keyboard_listener.cpython-310.pyc
[0.644s] running install_data
[0.644s] running install_egg_info
[0.646s] removing '/home/darren/ros2_ws/install/DW_DarrensController/lib/python3.10/site-packages/DW_DarrensController-0.0.0-py3.10.egg-info' (and everything under it)
[0.646s] Copying ../../build/DW_DarrensController/DW_DarrensController.egg-info to /home/darren/ros2_ws/install/DW_DarrensController/lib/python3.10/site-packages/DW_DarrensController-0.0.0-py3.10.egg-info
[0.647s] running install_scripts
[0.666s] Installing keyboard_drive = DW_DarrensController.keyboard_drive:mainkeyboard_listener script to /home/darren/ros2_ws/install/DW_DarrensController/lib/DW_DarrensController
[0.666s] writing list of installed files to '/home/darren/ros2_ws/build/DW_DarrensController/install.log'
[0.685s] Invoked command in '/home/darren/ros2_ws/src/DW_DarrensController' returned '0': PYTHONPATH=/home/darren/ros2_ws/build/DW_DarrensController/prefix_override:/usr/lib/python3/dist-packages/colcon_core/task/python/colcon_distutils_commands:/home/darren/ros2_ws/install/DW_DarrensController/lib/python3.10/site-packages:${PYTHONPATH} /usr/bin/python3 -W ignore:setup.py install is deprecated setup.py egg_info --egg-base ../../build/DW_DarrensController build --build-base /home/darren/ros2_ws/build/DW_DarrensController/build install --record /home/darren/ros2_ws/build/DW_DarrensController/install.log --single-version-externally-managed install_data
