[1.166s] Invoking command in '/home/jayden/ros2_realController_ws/src/keyboard_controller': PYTHONPATH=/home/jayden/ros2_realController_ws/src/keyboard_controller/build/keyboard_controller/prefix_override:/usr/lib/python3/dist-packages/colcon_core/task/python/colcon_distutils_commands:/home/jayden/ros2_realController_ws/src/keyboard_controller/install/keyboard_controller/lib/python3.10/site-packages:${PYTHONPATH} /usr/bin/python3 -W ignore:setup.py install is deprecated setup.py egg_info --egg-base build/keyboard_controller build --build-base /home/jayden/ros2_realController_ws/src/keyboard_controller/build/keyboard_controller/build install --record /home/jayden/ros2_realController_ws/src/keyboard_controller/build/keyboard_controller/install.log --single-version-externally-managed install_data
[1.465s] running egg_info
[1.466s] writing build/keyboard_controller/keyboard_controller.egg-info/PKG-INFO
[1.467s] writing dependency_links to build/keyboard_controller/keyboard_controller.egg-info/dependency_links.txt
[1.467s] writing entry points to build/keyboard_controller/keyboard_controller.egg-info/entry_points.txt
[1.467s] writing requirements to build/keyboard_controller/keyboard_controller.egg-info/requires.txt
[1.467s] writing top-level names to build/keyboard_controller/keyboard_controller.egg-info/top_level.txt
[1.471s] reading manifest file 'build/keyboard_controller/keyboard_controller.egg-info/SOURCES.txt'
[1.473s] writing manifest file 'build/keyboard_controller/keyboard_controller.egg-info/SOURCES.txt'
[1.473s] running build
[1.473s] running build_py
[1.473s] copying keyboard_controller/twistPub.py -> /home/jayden/ros2_realController_ws/src/keyboard_controller/build/keyboard_controller/build/lib/keyboard_controller
[1.474s] running install
[1.475s] running install_lib
[1.477s] copying /home/jayden/ros2_realController_ws/src/keyboard_controller/build/keyboard_controller/build/lib/keyboard_controller/twistPub.py -> /home/jayden/ros2_realController_ws/src/keyboard_controller/install/keyboard_controller/lib/python3.10/site-packages/keyboard_controller
[1.478s] byte-compiling /home/jayden/ros2_realController_ws/src/keyboard_controller/install/keyboard_controller/lib/python3.10/site-packages/keyboard_controller/twistPub.py to twistPub.cpython-310.pyc
[1.480s] running install_data
[1.480s] running install_egg_info
[1.483s] removing '/home/jayden/ros2_realController_ws/src/keyboard_controller/install/keyboard_controller/lib/python3.10/site-packages/keyboard_controller-0.0.0-py3.10.egg-info' (and everything under it)
[1.483s] Copying build/keyboard_controller/keyboard_controller.egg-info to /home/jayden/ros2_realController_ws/src/keyboard_controller/install/keyboard_controller/lib/python3.10/site-packages/keyboard_controller-0.0.0-py3.10.egg-info
[1.485s] running install_scripts
[1.518s] Installing controller script to /home/jayden/ros2_realController_ws/src/keyboard_controller/install/keyboard_controller/lib/keyboard_controller
[1.519s] Installing twistPub script to /home/jayden/ros2_realController_ws/src/keyboard_controller/install/keyboard_controller/lib/keyboard_controller
[1.519s] writing list of installed files to '/home/jayden/ros2_realController_ws/src/keyboard_controller/build/keyboard_controller/install.log'
[1.556s] Invoked command in '/home/jayden/ros2_realController_ws/src/keyboard_controller' returned '0': PYTHONPATH=/home/jayden/ros2_realController_ws/src/keyboard_controller/build/keyboard_controller/prefix_override:/usr/lib/python3/dist-packages/colcon_core/task/python/colcon_distutils_commands:/home/jayden/ros2_realController_ws/src/keyboard_controller/install/keyboard_controller/lib/python3.10/site-packages:${PYTHONPATH} /usr/bin/python3 -W ignore:setup.py install is deprecated setup.py egg_info --egg-base build/keyboard_controller build --build-base /home/jayden/ros2_realController_ws/src/keyboard_controller/build/keyboard_controller/build install --record /home/jayden/ros2_realController_ws/src/keyboard_controller/build/keyboard_controller/install.log --single-version-externally-managed install_data
