/home/schoolacc/ros2_ws/src/install/tcp_controller/lib/python3.10/site-packages/tcp_controller/mock.py
/home/schoolacc/ros2_ws/src/install/tcp_controller/lib/python3.10/site-packages/tcp_controller/simple.py
/home/schoolacc/ros2_ws/src/install/tcp_controller/lib/python3.10/site-packages/tcp_controller/bad_yuck_code.py
/home/schoolacc/ros2_ws/src/install/tcp_controller/lib/python3.10/site-packages/tcp_controller/__init__.py
/home/schoolacc/ros2_ws/src/install/tcp_controller/lib/python3.10/site-packages/tcp_controller/__pycache__/mock.cpython-310.pyc
/home/schoolacc/ros2_ws/src/install/tcp_controller/lib/python3.10/site-packages/tcp_controller/__pycache__/simple.cpython-310.pyc
/home/schoolacc/ros2_ws/src/install/tcp_controller/lib/python3.10/site-packages/tcp_controller/__pycache__/bad_yuck_code.cpython-310.pyc
/home/schoolacc/ros2_ws/src/install/tcp_controller/lib/python3.10/site-packages/tcp_controller/__pycache__/__init__.cpython-310.pyc
/home/schoolacc/ros2_ws/src/install/tcp_controller/share/ament_index/resource_index/packages/tcp_controller
/home/schoolacc/ros2_ws/src/install/tcp_controller/share/tcp_controller/package.xml
/home/schoolacc/ros2_ws/src/install/tcp_controller/share/tcp_controller/launch/tcpc_launch.xml
/home/schoolacc/ros2_ws/src/install/tcp_controller/lib/python3.10/site-packages/tcp_controller-0.0.0-py3.10.egg-info/PKG-INFO
/home/schoolacc/ros2_ws/src/install/tcp_controller/lib/python3.10/site-packages/tcp_controller-0.0.0-py3.10.egg-info/top_level.txt
/home/schoolacc/ros2_ws/src/install/tcp_controller/lib/python3.10/site-packages/tcp_controller-0.0.0-py3.10.egg-info/SOURCES.txt
/home/schoolacc/ros2_ws/src/install/tcp_controller/lib/python3.10/site-packages/tcp_controller-0.0.0-py3.10.egg-info/requires.txt
/home/schoolacc/ros2_ws/src/install/tcp_controller/lib/python3.10/site-packages/tcp_controller-0.0.0-py3.10.egg-info/entry_points.txt
/home/schoolacc/ros2_ws/src/install/tcp_controller/lib/python3.10/site-packages/tcp_controller-0.0.0-py3.10.egg-info/zip-safe
/home/schoolacc/ros2_ws/src/install/tcp_controller/lib/python3.10/site-packages/tcp_controller-0.0.0-py3.10.egg-info/dependency_links.txt
/home/schoolacc/ros2_ws/src/install/tcp_controller/lib/tcp_controller/simpletwist
/home/schoolacc/ros2_ws/src/install/tcp_controller/lib/tcp_controller/twistmocker
