running egg_info
creating ../build/tcp_controller/tcp_controller.egg-info
writing ../build/tcp_controller/tcp_controller.egg-info/PKG-INFO
writing dependency_links to ../build/tcp_controller/tcp_controller.egg-info/dependency_links.txt
writing entry points to ../build/tcp_controller/tcp_controller.egg-info/entry_points.txt
writing requirements to ../build/tcp_controller/tcp_controller.egg-info/requires.txt
writing top-level names to ../build/tcp_controller/tcp_controller.egg-info/top_level.txt
writing manifest file '../build/tcp_controller/tcp_controller.egg-info/SOURCES.txt'
reading manifest file '../build/tcp_controller/tcp_controller.egg-info/SOURCES.txt'
writing manifest file '../build/tcp_controller/tcp_controller.egg-info/SOURCES.txt'
running build
running build_py
creating /home/schoolacc/ros2_ws/src/build/tcp_controller/build
creating /home/schoolacc/ros2_ws/src/build/tcp_controller/build/lib
creating /home/schoolacc/ros2_ws/src/build/tcp_controller/build/lib/tcp_controller
copying tcp_controller/mock.py -> /home/schoolacc/ros2_ws/src/build/tcp_controller/build/lib/tcp_controller
copying tcp_controller/simple.py -> /home/schoolacc/ros2_ws/src/build/tcp_controller/build/lib/tcp_controller
copying tcp_controller/__init__.py -> /home/schoolacc/ros2_ws/src/build/tcp_controller/build/lib/tcp_controller
running install
running install_lib
creating /home/schoolacc/ros2_ws/src/install/tcp_controller/lib/python3.10/site-packages/tcp_controller
copying /home/schoolacc/ros2_ws/src/build/tcp_controller/build/lib/tcp_controller/mock.py -> /home/schoolacc/ros2_ws/src/install/tcp_controller/lib/python3.10/site-packages/tcp_controller
copying /home/schoolacc/ros2_ws/src/build/tcp_controller/build/lib/tcp_controller/simple.py -> /home/schoolacc/ros2_ws/src/install/tcp_controller/lib/python3.10/site-packages/tcp_controller
copying /home/schoolacc/ros2_ws/src/build/tcp_controller/build/lib/tcp_controller/__init__.py -> /home/schoolacc/ros2_ws/src/install/tcp_controller/lib/python3.10/site-packages/tcp_controller
byte-compiling /home/schoolacc/ros2_ws/src/install/tcp_controller/lib/python3.10/site-packages/tcp_controller/mock.py to mock.cpython-310.pyc
byte-compiling /home/schoolacc/ros2_ws/src/install/tcp_controller/lib/python3.10/site-packages/tcp_controller/simple.py to simple.cpython-310.pyc
byte-compiling /home/schoolacc/ros2_ws/src/install/tcp_controller/lib/python3.10/site-packages/tcp_controller/__init__.py to __init__.cpython-310.pyc
running install_data
creating /home/schoolacc/ros2_ws/src/install/tcp_controller/share/ament_index
creating /home/schoolacc/ros2_ws/src/install/tcp_controller/share/ament_index/resource_index
creating /home/schoolacc/ros2_ws/src/install/tcp_controller/share/ament_index/resource_index/packages
copying resource/tcp_controller -> /home/schoolacc/ros2_ws/src/install/tcp_controller/share/ament_index/resource_index/packages
copying package.xml -> /home/schoolacc/ros2_ws/src/install/tcp_controller/share/tcp_controller
running install_egg_info
Copying ../build/tcp_controller/tcp_controller.egg-info to /home/schoolacc/ros2_ws/src/install/tcp_controller/lib/python3.10/site-packages/tcp_controller-0.0.0-py3.10.egg-info
running install_scripts
Installing simpletwist script to /home/schoolacc/ros2_ws/src/install/tcp_controller/lib/tcp_controller
Installing twistmocker script to /home/schoolacc/ros2_ws/src/install/tcp_controller/lib/tcp_controller
writing list of installed files to '/home/schoolacc/ros2_ws/src/build/tcp_controller/install.log'
