[0.658s] Invoking command in '/home/schoolacc/ros2_ws/src/tcp_controller': PYTHONPATH=/home/schoolacc/ros2_ws/src/build/tcp_controller/prefix_override:/usr/lib/python3/dist-packages/colcon_core/task/python/colcon_distutils_commands:/home/schoolacc/ros2_ws/src/install/tcp_controller/lib/python3.10/site-packages:${PYTHONPATH} /usr/bin/python3 -W ignore:setup.py install is deprecated setup.py egg_info --egg-base ../build/tcp_controller build --build-base /home/schoolacc/ros2_ws/src/build/tcp_controller/build install --record /home/schoolacc/ros2_ws/src/build/tcp_controller/install.log --single-version-externally-managed install_data
[0.900s] running egg_info
[0.900s] creating ../build/tcp_controller/tcp_controller.egg-info
[0.901s] writing ../build/tcp_controller/tcp_controller.egg-info/PKG-INFO
[0.901s] writing dependency_links to ../build/tcp_controller/tcp_controller.egg-info/dependency_links.txt
[0.901s] writing entry points to ../build/tcp_controller/tcp_controller.egg-info/entry_points.txt
[0.901s] writing requirements to ../build/tcp_controller/tcp_controller.egg-info/requires.txt
[0.902s] writing top-level names to ../build/tcp_controller/tcp_controller.egg-info/top_level.txt
[0.902s] writing manifest file '../build/tcp_controller/tcp_controller.egg-info/SOURCES.txt'
[0.905s] reading manifest file '../build/tcp_controller/tcp_controller.egg-info/SOURCES.txt'
[0.906s] writing manifest file '../build/tcp_controller/tcp_controller.egg-info/SOURCES.txt'
[0.907s] running build
[0.907s] running build_py
[0.907s] creating /home/schoolacc/ros2_ws/src/build/tcp_controller/build
[0.907s] creating /home/schoolacc/ros2_ws/src/build/tcp_controller/build/lib
[0.907s] creating /home/schoolacc/ros2_ws/src/build/tcp_controller/build/lib/tcp_controller
[0.908s] copying tcp_controller/mock.py -> /home/schoolacc/ros2_ws/src/build/tcp_controller/build/lib/tcp_controller
[0.908s] copying tcp_controller/simple.py -> /home/schoolacc/ros2_ws/src/build/tcp_controller/build/lib/tcp_controller
[0.908s] copying tcp_controller/__init__.py -> /home/schoolacc/ros2_ws/src/build/tcp_controller/build/lib/tcp_controller
[0.908s] running install
[0.908s] running install_lib
[0.909s] creating /home/schoolacc/ros2_ws/src/install/tcp_controller/lib/python3.10/site-packages/tcp_controller
[0.909s] copying /home/schoolacc/ros2_ws/src/build/tcp_controller/build/lib/tcp_controller/mock.py -> /home/schoolacc/ros2_ws/src/install/tcp_controller/lib/python3.10/site-packages/tcp_controller
[0.909s] copying /home/schoolacc/ros2_ws/src/build/tcp_controller/build/lib/tcp_controller/simple.py -> /home/schoolacc/ros2_ws/src/install/tcp_controller/lib/python3.10/site-packages/tcp_controller
[0.909s] copying /home/schoolacc/ros2_ws/src/build/tcp_controller/build/lib/tcp_controller/__init__.py -> /home/schoolacc/ros2_ws/src/install/tcp_controller/lib/python3.10/site-packages/tcp_controller
[0.910s] byte-compiling /home/schoolacc/ros2_ws/src/install/tcp_controller/lib/python3.10/site-packages/tcp_controller/mock.py to mock.cpython-310.pyc
[0.910s] byte-compiling /home/schoolacc/ros2_ws/src/install/tcp_controller/lib/python3.10/site-packages/tcp_controller/simple.py to simple.cpython-310.pyc
[0.910s] byte-compiling /home/schoolacc/ros2_ws/src/install/tcp_controller/lib/python3.10/site-packages/tcp_controller/__init__.py to __init__.cpython-310.pyc
[0.911s] running install_data
[0.911s] creating /home/schoolacc/ros2_ws/src/install/tcp_controller/share/ament_index
[0.911s] creating /home/schoolacc/ros2_ws/src/install/tcp_controller/share/ament_index/resource_index
[0.911s] creating /home/schoolacc/ros2_ws/src/install/tcp_controller/share/ament_index/resource_index/packages
[0.911s] copying resource/tcp_controller -> /home/schoolacc/ros2_ws/src/install/tcp_controller/share/ament_index/resource_index/packages
[0.911s] copying package.xml -> /home/schoolacc/ros2_ws/src/install/tcp_controller/share/tcp_controller
[0.911s] running install_egg_info
[0.914s] Copying ../build/tcp_controller/tcp_controller.egg-info to /home/schoolacc/ros2_ws/src/install/tcp_controller/lib/python3.10/site-packages/tcp_controller-0.0.0-py3.10.egg-info
[0.915s] running install_scripts
[0.937s] Installing simpletwist script to /home/schoolacc/ros2_ws/src/install/tcp_controller/lib/tcp_controller
[0.937s] Installing twistmocker script to /home/schoolacc/ros2_ws/src/install/tcp_controller/lib/tcp_controller
[0.938s] writing list of installed files to '/home/schoolacc/ros2_ws/src/build/tcp_controller/install.log'
[0.963s] Invoked command in '/home/schoolacc/ros2_ws/src/tcp_controller' returned '0': PYTHONPATH=/home/schoolacc/ros2_ws/src/build/tcp_controller/prefix_override:/usr/lib/python3/dist-packages/colcon_core/task/python/colcon_distutils_commands:/home/schoolacc/ros2_ws/src/install/tcp_controller/lib/python3.10/site-packages:${PYTHONPATH} /usr/bin/python3 -W ignore:setup.py install is deprecated setup.py egg_info --egg-base ../build/tcp_controller build --build-base /home/schoolacc/ros2_ws/src/build/tcp_controller/build install --record /home/schoolacc/ros2_ws/src/build/tcp_controller/install.log --single-version-externally-managed install_data
