[0.847s] Invoking command in '/home/jayden/ros2_realController_ws/src/keyboard_controller': PYTHONPATH=/home/jayden/ros2_realController_ws/src/keyboard_controller/build/keyboard_controller/prefix_override:/usr/lib/python3/dist-packages/colcon_core/task/python/colcon_distutils_commands:/home/jayden/ros2_realController_ws/src/keyboard_controller/install/keyboard_controller/lib/python3.10/site-packages:${PYTHONPATH} /usr/bin/python3 -W ignore:setup.py install is deprecated setup.py egg_info --egg-base build/keyboard_controller build --build-base /home/jayden/ros2_realController_ws/src/keyboard_controller/build/keyboard_controller/build install --record /home/jayden/ros2_realController_ws/src/keyboard_controller/build/keyboard_controller/install.log --single-version-externally-managed install_data
[1.028s] running egg_info
[1.029s] writing build/keyboard_controller/keyboard_controller.egg-info/PKG-INFO
[1.030s] writing dependency_links to build/keyboard_controller/keyboard_controller.egg-info/dependency_links.txt
[1.030s] writing entry points to build/keyboard_controller/keyboard_controller.egg-info/entry_points.txt
[1.030s] writing requirements to build/keyboard_controller/keyboard_controller.egg-info/requires.txt
[1.030s] writing top-level names to build/keyboard_controller/keyboard_controller.egg-info/top_level.txt
[1.032s] reading manifest file 'build/keyboard_controller/keyboard_controller.egg-info/SOURCES.txt'
[1.034s] writing manifest file 'build/keyboard_controller/keyboard_controller.egg-info/SOURCES.txt'
[1.035s] running build
[1.035s] running build_py
[1.035s] copying keyboard_controller/twistPub.py -> /home/jayden/ros2_realController_ws/src/keyboard_controller/build/keyboard_controller/build/lib/keyboard_controller
[1.036s] running install
[1.036s] running install_lib
[1.037s] copying /home/jayden/ros2_realController_ws/src/keyboard_controller/build/keyboard_controller/build/lib/keyboard_controller/twistPub.py -> /home/jayden/ros2_realController_ws/src/keyboard_controller/install/keyboard_controller/lib/python3.10/site-packages/keyboard_controller
[1.039s] byte-compiling /home/jayden/ros2_realController_ws/src/keyboard_controller/install/keyboard_controller/lib/python3.10/site-packages/keyboard_controller/twistPub.py to twistPub.cpython-310.pyc
[1.041s] running install_data
[1.041s] running install_egg_info
[1.043s] removing '/home/jayden/ros2_realController_ws/src/keyboard_controller/install/keyboard_controller/lib/python3.10/site-packages/keyboard_controller-0.0.0-py3.10.egg-info' (and everything under it)
[1.046s] Copying build/keyboard_controller/keyboard_controller.egg-info to /home/jayden/ros2_realController_ws/src/keyboard_controller/install/keyboard_controller/lib/python3.10/site-packages/keyboard_controller-0.0.0-py3.10.egg-info
[1.047s] running install_scripts
[1.063s] Installing controller script to /home/jayden/ros2_realController_ws/src/keyboard_controller/install/keyboard_controller/lib/keyboard_controller
[1.063s] Installing twistPub script to /home/jayden/ros2_realController_ws/src/keyboard_controller/install/keyboard_controller/lib/keyboard_controller
[1.063s] writing list of installed files to '/home/jayden/ros2_realController_ws/src/keyboard_controller/build/keyboard_controller/install.log'
[1.090s] Invoked command in '/home/jayden/ros2_realController_ws/src/keyboard_controller' returned '0': PYTHONPATH=/home/jayden/ros2_realController_ws/src/keyboard_controller/build/keyboard_controller/prefix_override:/usr/lib/python3/dist-packages/colcon_core/task/python/colcon_distutils_commands:/home/jayden/ros2_realController_ws/src/keyboard_controller/install/keyboard_controller/lib/python3.10/site-packages:${PYTHONPATH} /usr/bin/python3 -W ignore:setup.py install is deprecated setup.py egg_info --egg-base build/keyboard_controller build --build-base /home/jayden/ros2_realController_ws/src/keyboard_controller/build/keyboard_controller/build install --record /home/jayden/ros2_realController_ws/src/keyboard_controller/build/keyboard_controller/install.log --single-version-externally-managed install_data
