[0.584s] Invoking command in '/home/schoolacc/ros2_ws/src/tcp_controller': PYTHONPATH=/home/schoolacc/ros2_ws/src/build/tcp_controller/prefix_override:/usr/lib/python3/dist-packages/colcon_core/task/python/colcon_distutils_commands:/home/schoolacc/ros2_ws/src/install/tcp_controller/lib/python3.10/site-packages:${PYTHONPATH} /usr/bin/python3 -W ignore:setup.py install is deprecated setup.py egg_info --egg-base ../build/tcp_controller build --build-base /home/schoolacc/ros2_ws/src/build/tcp_controller/build install --record /home/schoolacc/ros2_ws/src/build/tcp_controller/install.log --single-version-externally-managed install_data
[0.825s] running egg_info
[0.826s] writing ../build/tcp_controller/tcp_controller.egg-info/PKG-INFO
[0.826s] writing dependency_links to ../build/tcp_controller/tcp_controller.egg-info/dependency_links.txt
[0.826s] writing entry points to ../build/tcp_controller/tcp_controller.egg-info/entry_points.txt
[0.826s] writing requirements to ../build/tcp_controller/tcp_controller.egg-info/requires.txt
[0.827s] writing top-level names to ../build/tcp_controller/tcp_controller.egg-info/top_level.txt
[0.829s] reading manifest file '../build/tcp_controller/tcp_controller.egg-info/SOURCES.txt'
[0.829s] writing manifest file '../build/tcp_controller/tcp_controller.egg-info/SOURCES.txt'
[0.829s] running build
[0.829s] running build_py
[0.830s] copying tcp_controller/simple.py -> /home/schoolacc/ros2_ws/src/build/tcp_controller/build/lib/tcp_controller
[0.830s] copying tcp_controller/bad_yuck_code.py -> /home/schoolacc/ros2_ws/src/build/tcp_controller/build/lib/tcp_controller
[0.830s] running install
[0.830s] running install_lib
[0.831s] copying /home/schoolacc/ros2_ws/src/build/tcp_controller/build/lib/tcp_controller/simple.py -> /home/schoolacc/ros2_ws/src/install/tcp_controller/lib/python3.10/site-packages/tcp_controller
[0.831s] copying /home/schoolacc/ros2_ws/src/build/tcp_controller/build/lib/tcp_controller/bad_yuck_code.py -> /home/schoolacc/ros2_ws/src/install/tcp_controller/lib/python3.10/site-packages/tcp_controller
[0.832s] byte-compiling /home/schoolacc/ros2_ws/src/install/tcp_controller/lib/python3.10/site-packages/tcp_controller/simple.py to simple.cpython-310.pyc
[0.832s] byte-compiling /home/schoolacc/ros2_ws/src/install/tcp_controller/lib/python3.10/site-packages/tcp_controller/bad_yuck_code.py to bad_yuck_code.cpython-310.pyc
[0.833s] running install_data
[0.833s] creating /home/schoolacc/ros2_ws/src/install/tcp_controller/share/tcp_controller/launch
[0.833s] running install_egg_info
[0.834s] removing '/home/schoolacc/ros2_ws/src/install/tcp_controller/lib/python3.10/site-packages/tcp_controller-0.0.0-py3.10.egg-info' (and everything under it)
[0.834s] Copying ../build/tcp_controller/tcp_controller.egg-info to /home/schoolacc/ros2_ws/src/install/tcp_controller/lib/python3.10/site-packages/tcp_controller-0.0.0-py3.10.egg-info
[0.835s] running install_scripts
[0.853s] Installing simpletwist script to /home/schoolacc/ros2_ws/src/install/tcp_controller/lib/tcp_controller
[0.853s] Installing twistmocker script to /home/schoolacc/ros2_ws/src/install/tcp_controller/lib/tcp_controller
[0.853s] writing list of installed files to '/home/schoolacc/ros2_ws/src/build/tcp_controller/install.log'
[0.872s] Invoked command in '/home/schoolacc/ros2_ws/src/tcp_controller' returned '0': PYTHONPATH=/home/schoolacc/ros2_ws/src/build/tcp_controller/prefix_override:/usr/lib/python3/dist-packages/colcon_core/task/python/colcon_distutils_commands:/home/schoolacc/ros2_ws/src/install/tcp_controller/lib/python3.10/site-packages:${PYTHONPATH} /usr/bin/python3 -W ignore:setup.py install is deprecated setup.py egg_info --egg-base ../build/tcp_controller build --build-base /home/schoolacc/ros2_ws/src/build/tcp_controller/build install --record /home/schoolacc/ros2_ws/src/build/tcp_controller/install.log --single-version-externally-managed install_data
