[0.970s] Invoking command in '/home/schoolacc/ros2_ws/src/tcp_controller': PYTHONPATH=/home/schoolacc/ros2_ws/src/build/tcp_controller/prefix_override:/usr/lib/python3/dist-packages/colcon_core/task/python/colcon_distutils_commands:/home/schoolacc/ros2_ws/src/install/tcp_controller/lib/python3.10/site-packages:${PYTHONPATH} /usr/bin/python3 -W ignore:setup.py install is deprecated setup.py egg_info --egg-base ../build/tcp_controller build --build-base /home/schoolacc/ros2_ws/src/build/tcp_controller/build install --record /home/schoolacc/ros2_ws/src/build/tcp_controller/install.log --single-version-externally-managed install_data
[1.266s] running egg_info
[1.267s] writing ../build/tcp_controller/tcp_controller.egg-info/PKG-INFO
[1.267s] writing dependency_links to ../build/tcp_controller/tcp_controller.egg-info/dependency_links.txt
[1.267s] writing entry points to ../build/tcp_controller/tcp_controller.egg-info/entry_points.txt
[1.268s] writing requirements to ../build/tcp_controller/tcp_controller.egg-info/requires.txt
[1.268s] writing top-level names to ../build/tcp_controller/tcp_controller.egg-info/top_level.txt
[1.270s] reading manifest file '../build/tcp_controller/tcp_controller.egg-info/SOURCES.txt'
[1.271s] writing manifest file '../build/tcp_controller/tcp_controller.egg-info/SOURCES.txt'
[1.271s] running build
[1.271s] running build_py
[1.272s] copying tcp_controller/simple.py -> /home/schoolacc/ros2_ws/src/build/tcp_controller/build/lib/tcp_controller
[1.272s] copying tcp_controller/asdffdfadsfdafd.py -> /home/schoolacc/ros2_ws/src/build/tcp_controller/build/lib/tcp_controller
[1.273s] running install
[1.273s] running install_lib
[1.275s] copying /home/schoolacc/ros2_ws/src/build/tcp_controller/build/lib/tcp_controller/simple.py -> /home/schoolacc/ros2_ws/src/install/tcp_controller/lib/python3.10/site-packages/tcp_controller
[1.275s] copying /home/schoolacc/ros2_ws/src/build/tcp_controller/build/lib/tcp_controller/asdffdfadsfdafd.py -> /home/schoolacc/ros2_ws/src/install/tcp_controller/lib/python3.10/site-packages/tcp_controller
[1.276s] byte-compiling /home/schoolacc/ros2_ws/src/install/tcp_controller/lib/python3.10/site-packages/tcp_controller/simple.py to simple.cpython-310.pyc
[1.276s] byte-compiling /home/schoolacc/ros2_ws/src/install/tcp_controller/lib/python3.10/site-packages/tcp_controller/asdffdfadsfdafd.py to asdffdfadsfdafd.cpython-310.pyc
[1.277s] running install_data
[1.277s] copying package.xml -> /home/schoolacc/ros2_ws/src/install/tcp_controller/share/tcp_controller
[1.277s] running install_egg_info
[1.279s] removing '/home/schoolacc/ros2_ws/src/install/tcp_controller/lib/python3.10/site-packages/tcp_controller-0.0.0-py3.10.egg-info' (and everything under it)
[1.280s] Copying ../build/tcp_controller/tcp_controller.egg-info to /home/schoolacc/ros2_ws/src/install/tcp_controller/lib/python3.10/site-packages/tcp_controller-0.0.0-py3.10.egg-info
[1.281s] running install_scripts
[1.310s] Installing simpletwist script to /home/schoolacc/ros2_ws/src/install/tcp_controller/lib/tcp_controller
[1.310s] Installing twistmocker script to /home/schoolacc/ros2_ws/src/install/tcp_controller/lib/tcp_controller
[1.311s] writing list of installed files to '/home/schoolacc/ros2_ws/src/build/tcp_controller/install.log'
[1.343s] Invoked command in '/home/schoolacc/ros2_ws/src/tcp_controller' returned '0': PYTHONPATH=/home/schoolacc/ros2_ws/src/build/tcp_controller/prefix_override:/usr/lib/python3/dist-packages/colcon_core/task/python/colcon_distutils_commands:/home/schoolacc/ros2_ws/src/install/tcp_controller/lib/python3.10/site-packages:${PYTHONPATH} /usr/bin/python3 -W ignore:setup.py install is deprecated setup.py egg_info --egg-base ../build/tcp_controller build --build-base /home/schoolacc/ros2_ws/src/build/tcp_controller/build install --record /home/schoolacc/ros2_ws/src/build/tcp_controller/install.log --single-version-externally-managed install_data
