running egg_info
creating ../../build/DW_DarrensController/DW_DarrensController.egg-info
writing ../../build/DW_DarrensController/DW_DarrensController.egg-info/PKG-INFO
writing dependency_links to ../../build/DW_DarrensController/DW_DarrensController.egg-info/dependency_links.txt
writing entry points to ../../build/DW_DarrensController/DW_DarrensController.egg-info/entry_points.txt
writing requirements to ../../build/DW_DarrensController/DW_DarrensController.egg-info/requires.txt
writing top-level names to ../../build/DW_DarrensController/DW_DarrensController.egg-info/top_level.txt
writing manifest file '../../build/DW_DarrensController/DW_DarrensController.egg-info/SOURCES.txt'
reading manifest file '../../build/DW_DarrensController/DW_DarrensController.egg-info/SOURCES.txt'
adding license file 'LICENSE'
writing manifest file '../../build/DW_DarrensController/DW_DarrensController.egg-info/SOURCES.txt'
running build
running build_py
creating /home/darren/ros2_ws/build/DW_DarrensController/build
creating /home/darren/ros2_ws/build/DW_DarrensController/build/lib
creating /home/darren/ros2_ws/build/DW_DarrensController/build/lib/DW_DarrensController
copying DW_DarrensController/__init__.py -> /home/darren/ros2_ws/build/DW_DarrensController/build/lib/DW_DarrensController
running install
running install_lib
creating /home/darren/ros2_ws/install/DW_DarrensController/lib/python3.10/site-packages/DW_DarrensController
copying /home/darren/ros2_ws/build/DW_DarrensController/build/lib/DW_DarrensController/__init__.py -> /home/darren/ros2_ws/install/DW_DarrensController/lib/python3.10/site-packages/DW_DarrensController
byte-compiling /home/darren/ros2_ws/install/DW_DarrensController/lib/python3.10/site-packages/DW_DarrensController/__init__.py to __init__.cpython-310.pyc
running install_data
creating /home/darren/ros2_ws/install/DW_DarrensController/share/ament_index
creating /home/darren/ros2_ws/install/DW_DarrensController/share/ament_index/resource_index
creating /home/darren/ros2_ws/install/DW_DarrensController/share/ament_index/resource_index/packages
copying resource/DW_DarrensController -> /home/darren/ros2_ws/install/DW_DarrensController/share/ament_index/resource_index/packages
copying package.xml -> /home/darren/ros2_ws/install/DW_DarrensController/share/DW_DarrensController
running install_egg_info
Copying ../../build/DW_DarrensController/DW_DarrensController.egg-info to /home/darren/ros2_ws/install/DW_DarrensController/lib/python3.10/site-packages/DW_DarrensController-0.0.0-py3.10.egg-info
running install_scripts
writing list of installed files to '/home/darren/ros2_ws/build/DW_DarrensController/install.log'
