[0.445s] Invoking command in '/home/darren/ros2_ws/src/DW_DarrensController': PYTHONPATH=/home/darren/ros2_ws/build/DW_DarrensController/prefix_override:/usr/lib/python3/dist-packages/colcon_core/task/python/colcon_distutils_commands:/home/darren/ros2_ws/install/DW_DarrensController/lib/python3.10/site-packages:${PYTHONPATH} /usr/bin/python3 -W ignore:setup.py install is deprecated setup.py egg_info --egg-base ../../build/DW_DarrensController build --build-base /home/darren/ros2_ws/build/DW_DarrensController/build install --record /home/darren/ros2_ws/build/DW_DarrensController/install.log --single-version-externally-managed install_data
[0.610s] running egg_info
[0.611s] creating ../../build/DW_DarrensController/DW_DarrensController.egg-info
[0.611s] writing ../../build/DW_DarrensController/DW_DarrensController.egg-info/PKG-INFO
[0.611s] writing dependency_links to ../../build/DW_DarrensController/DW_DarrensController.egg-info/dependency_links.txt
[0.611s] writing entry points to ../../build/DW_DarrensController/DW_DarrensController.egg-info/entry_points.txt
[0.611s] writing requirements to ../../build/DW_DarrensController/DW_DarrensController.egg-info/requires.txt
[0.611s] writing top-level names to ../../build/DW_DarrensController/DW_DarrensController.egg-info/top_level.txt
[0.611s] writing manifest file '../../build/DW_DarrensController/DW_DarrensController.egg-info/SOURCES.txt'
[0.613s] reading manifest file '../../build/DW_DarrensController/DW_DarrensController.egg-info/SOURCES.txt'
[0.613s] adding license file 'LICENSE'
[0.614s] writing manifest file '../../build/DW_DarrensController/DW_DarrensController.egg-info/SOURCES.txt'
[0.614s] running build
[0.614s] running build_py
[0.614s] creating /home/darren/ros2_ws/build/DW_DarrensController/build
[0.614s] creating /home/darren/ros2_ws/build/DW_DarrensController/build/lib
[0.614s] creating /home/darren/ros2_ws/build/DW_DarrensController/build/lib/DW_DarrensController
[0.614s] copying DW_DarrensController/__init__.py -> /home/darren/ros2_ws/build/DW_DarrensController/build/lib/DW_DarrensController
[0.614s] running install
[0.614s] running install_lib
[0.615s] creating /home/darren/ros2_ws/install/DW_DarrensController/lib/python3.10/site-packages/DW_DarrensController
[0.615s] copying /home/darren/ros2_ws/build/DW_DarrensController/build/lib/DW_DarrensController/__init__.py -> /home/darren/ros2_ws/install/DW_DarrensController/lib/python3.10/site-packages/DW_DarrensController
[0.615s] byte-compiling /home/darren/ros2_ws/install/DW_DarrensController/lib/python3.10/site-packages/DW_DarrensController/__init__.py to __init__.cpython-310.pyc
[0.615s] running install_data
[0.615s] creating /home/darren/ros2_ws/install/DW_DarrensController/share/ament_index
[0.615s] creating /home/darren/ros2_ws/install/DW_DarrensController/share/ament_index/resource_index
[0.615s] creating /home/darren/ros2_ws/install/DW_DarrensController/share/ament_index/resource_index/packages
[0.615s] copying resource/DW_DarrensController -> /home/darren/ros2_ws/install/DW_DarrensController/share/ament_index/resource_index/packages
[0.615s] copying package.xml -> /home/darren/ros2_ws/install/DW_DarrensController/share/DW_DarrensController
[0.615s] running install_egg_info
[0.617s] Copying ../../build/DW_DarrensController/DW_DarrensController.egg-info to /home/darren/ros2_ws/install/DW_DarrensController/lib/python3.10/site-packages/DW_DarrensController-0.0.0-py3.10.egg-info
[0.617s] running install_scripts
[0.636s] writing list of installed files to '/home/darren/ros2_ws/build/DW_DarrensController/install.log'
[0.653s] Invoked command in '/home/darren/ros2_ws/src/DW_DarrensController' returned '0': PYTHONPATH=/home/darren/ros2_ws/build/DW_DarrensController/prefix_override:/usr/lib/python3/dist-packages/colcon_core/task/python/colcon_distutils_commands:/home/darren/ros2_ws/install/DW_DarrensController/lib/python3.10/site-packages:${PYTHONPATH} /usr/bin/python3 -W ignore:setup.py install is deprecated setup.py egg_info --egg-base ../../build/DW_DarrensController build --build-base /home/darren/ros2_ws/build/DW_DarrensController/build install --record /home/darren/ros2_ws/build/DW_DarrensController/install.log --single-version-externally-managed install_data
