[1.204s] Invoking command in '/home/jayden/ros2_realController_ws/src/keyboard_controller': PYTHONPATH=/home/jayden/ros2_realController_ws/src/keyboard_controller/build/keyboard_controller/prefix_override:/usr/lib/python3/dist-packages/colcon_core/task/python/colcon_distutils_commands:/home/jayden/ros2_realController_ws/src/keyboard_controller/install/keyboard_controller/lib/python3.10/site-packages:${PYTHONPATH} /usr/bin/python3 -W ignore:setup.py install is deprecated setup.py egg_info --egg-base build/keyboard_controller build --build-base /home/jayden/ros2_realController_ws/src/keyboard_controller/build/keyboard_controller/build install --record /home/jayden/ros2_realController_ws/src/keyboard_controller/build/keyboard_controller/install.log --single-version-externally-managed install_data
[1.536s] running egg_info
[1.537s] writing build/keyboard_controller/keyboard_controller.egg-info/PKG-INFO
[1.537s] writing dependency_links to build/keyboard_controller/keyboard_controller.egg-info/dependency_links.txt
[1.538s] writing entry points to build/keyboard_controller/keyboard_controller.egg-info/entry_points.txt
[1.538s] writing requirements to build/keyboard_controller/keyboard_controller.egg-info/requires.txt
[1.538s] writing top-level names to build/keyboard_controller/keyboard_controller.egg-info/top_level.txt
[1.542s] reading manifest file 'build/keyboard_controller/keyboard_controller.egg-info/SOURCES.txt'
[1.546s] writing manifest file 'build/keyboard_controller/keyboard_controller.egg-info/SOURCES.txt'
[1.546s] running build
[1.546s] running build_py
[1.546s] copying keyboard_controller/controller.py -> /home/jayden/ros2_realController_ws/src/keyboard_controller/build/keyboard_controller/build/lib/keyboard_controller
[1.547s] copying keyboard_controller/twistPub.py -> /home/jayden/ros2_realController_ws/src/keyboard_controller/build/keyboard_controller/build/lib/keyboard_controller
[1.548s] running install
[1.548s] running install_lib
[1.551s] copying /home/jayden/ros2_realController_ws/src/keyboard_controller/build/keyboard_controller/build/lib/keyboard_controller/controller.py -> /home/jayden/ros2_realController_ws/src/keyboard_controller/install/keyboard_controller/lib/python3.10/site-packages/keyboard_controller
[1.551s] copying /home/jayden/ros2_realController_ws/src/keyboard_controller/build/keyboard_controller/build/lib/keyboard_controller/twistPub.py -> /home/jayden/ros2_realController_ws/src/keyboard_controller/install/keyboard_controller/lib/python3.10/site-packages/keyboard_controller
[1.552s] byte-compiling /home/jayden/ros2_realController_ws/src/keyboard_controller/install/keyboard_controller/lib/python3.10/site-packages/keyboard_controller/controller.py to controller.cpython-310.pyc
[1.556s] byte-compiling /home/jayden/ros2_realController_ws/src/keyboard_controller/install/keyboard_controller/lib/python3.10/site-packages/keyboard_controller/twistPub.py to twistPub.cpython-310.pyc
[1.557s] running install_data
[1.558s] creating /home/jayden/ros2_realController_ws/src/keyboard_controller/install/keyboard_controller/robot_build
[1.558s] creating /home/jayden/ros2_realController_ws/src/keyboard_controller/install/keyboard_controller/robot_build/launch
[1.559s] creating /home/jayden/ros2_realController_ws/src/keyboard_controller/install/keyboard_controller/robot_build/config
[1.559s] running install_egg_info
[1.563s] removing '/home/jayden/ros2_realController_ws/src/keyboard_controller/install/keyboard_controller/lib/python3.10/site-packages/keyboard_controller-0.0.0-py3.10.egg-info' (and everything under it)
[1.563s] Copying build/keyboard_controller/keyboard_controller.egg-info to /home/jayden/ros2_realController_ws/src/keyboard_controller/install/keyboard_controller/lib/python3.10/site-packages/keyboard_controller-0.0.0-py3.10.egg-info
[1.565s] running install_scripts
[1.603s] Installing controller script to /home/jayden/ros2_realController_ws/src/keyboard_controller/install/keyboard_controller/lib/keyboard_controller
[1.604s] Installing twistPub script to /home/jayden/ros2_realController_ws/src/keyboard_controller/install/keyboard_controller/lib/keyboard_controller
[1.605s] writing list of installed files to '/home/jayden/ros2_realController_ws/src/keyboard_controller/build/keyboard_controller/install.log'
[1.644s] Invoked command in '/home/jayden/ros2_realController_ws/src/keyboard_controller' returned '0': PYTHONPATH=/home/jayden/ros2_realController_ws/src/keyboard_controller/build/keyboard_controller/prefix_override:/usr/lib/python3/dist-packages/colcon_core/task/python/colcon_distutils_commands:/home/jayden/ros2_realController_ws/src/keyboard_controller/install/keyboard_controller/lib/python3.10/site-packages:${PYTHONPATH} /usr/bin/python3 -W ignore:setup.py install is deprecated setup.py egg_info --egg-base build/keyboard_controller build --build-base /home/jayden/ros2_realController_ws/src/keyboard_controller/build/keyboard_controller/build install --record /home/jayden/ros2_realController_ws/src/keyboard_controller/build/keyboard_controller/install.log --single-version-externally-managed install_data
