[0.499s] Invoking command in '/home/darren/ros2_ws/src/DW_DarrensController': PYTHONPATH=/home/darren/ros2_ws/build/DW_DarrensController/prefix_override:/usr/lib/python3/dist-packages/colcon_core/task/python/colcon_distutils_commands:/home/darren/ros2_ws/install/DW_DarrensController/lib/python3.10/site-packages:${PYTHONPATH} /usr/bin/python3 -W ignore:setup.py install is deprecated setup.py egg_info --egg-base ../../build/DW_DarrensController build --build-base /home/darren/ros2_ws/build/DW_DarrensController/build install --record /home/darren/ros2_ws/build/DW_DarrensController/install.log --single-version-externally-managed install_data
[0.689s] running egg_info
[0.689s] writing ../../build/DW_DarrensController/DW_DarrensController.egg-info/PKG-INFO
[0.689s] writing dependency_links to ../../build/DW_DarrensController/DW_DarrensController.egg-info/dependency_links.txt
[0.689s] writing entry points to ../../build/DW_DarrensController/DW_DarrensController.egg-info/entry_points.txt
[0.690s] writing requirements to ../../build/DW_DarrensController/DW_DarrensController.egg-info/requires.txt
[0.690s] writing top-level names to ../../build/DW_DarrensController/DW_DarrensController.egg-info/top_level.txt
[0.691s] reading manifest file '../../build/DW_DarrensController/DW_DarrensController.egg-info/SOURCES.txt'
[0.692s] adding license file 'LICENSE'
[0.692s] writing manifest file '../../build/DW_DarrensController/DW_DarrensController.egg-info/SOURCES.txt'
[0.692s] running build
[0.692s] running build_py
[0.693s] running install
[0.693s] running install_lib
[0.695s] running install_data
[0.695s] running install_egg_info
[0.696s] removing '/home/darren/ros2_ws/install/DW_DarrensController/lib/python3.10/site-packages/DW_DarrensController-0.0.0-py3.10.egg-info' (and everything under it)
[0.696s] Copying ../../build/DW_DarrensController/DW_DarrensController.egg-info to /home/darren/ros2_ws/install/DW_DarrensController/lib/python3.10/site-packages/DW_DarrensController-0.0.0-py3.10.egg-info
[0.697s] running install_scripts
[0.714s] Installing keyboard_drive = DW_DarrensController.keyboard_drive:mainkeyboard_listener script to /home/darren/ros2_ws/install/DW_DarrensController/lib/DW_DarrensController
[0.714s] writing list of installed files to '/home/darren/ros2_ws/build/DW_DarrensController/install.log'
[0.735s] Invoked command in '/home/darren/ros2_ws/src/DW_DarrensController' returned '0': PYTHONPATH=/home/darren/ros2_ws/build/DW_DarrensController/prefix_override:/usr/lib/python3/dist-packages/colcon_core/task/python/colcon_distutils_commands:/home/darren/ros2_ws/install/DW_DarrensController/lib/python3.10/site-packages:${PYTHONPATH} /usr/bin/python3 -W ignore:setup.py install is deprecated setup.py egg_info --egg-base ../../build/DW_DarrensController build --build-base /home/darren/ros2_ws/build/DW_DarrensController/build install --record /home/darren/ros2_ws/build/DW_DarrensController/install.log --single-version-externally-managed install_data
