running egg_info
creating build/keyboard_controller/keyboard_controller.egg-info
writing build/keyboard_controller/keyboard_controller.egg-info/PKG-INFO
writing dependency_links to build/keyboard_controller/keyboard_controller.egg-info/dependency_links.txt
writing entry points to build/keyboard_controller/keyboard_controller.egg-info/entry_points.txt
writing requirements to build/keyboard_controller/keyboard_controller.egg-info/requires.txt
writing top-level names to build/keyboard_controller/keyboard_controller.egg-info/top_level.txt
writing manifest file 'build/keyboard_controller/keyboard_controller.egg-info/SOURCES.txt'
reading manifest file 'build/keyboard_controller/keyboard_controller.egg-info/SOURCES.txt'
writing manifest file 'build/keyboard_controller/keyboard_controller.egg-info/SOURCES.txt'
running build
running build_py
creating /home/jayden/ros2_realController_ws/src/keyboard_controller/build/keyboard_controller/build
creating /home/jayden/ros2_realController_ws/src/keyboard_controller/build/keyboard_controller/build/lib
creating /home/jayden/ros2_realController_ws/src/keyboard_controller/build/keyboard_controller/build/lib/keyboard_controller
copying keyboard_controller/controller.py -> /home/jayden/ros2_realController_ws/src/keyboard_controller/build/keyboard_controller/build/lib/keyboard_controller
copying keyboard_controller/__init__.py -> /home/jayden/ros2_realController_ws/src/keyboard_controller/build/keyboard_controller/build/lib/keyboard_controller
copying keyboard_controller/twistPub.py -> /home/jayden/ros2_realController_ws/src/keyboard_controller/build/keyboard_controller/build/lib/keyboard_controller
running install
running install_lib
creating /home/jayden/ros2_realController_ws/src/keyboard_controller/install/keyboard_controller/lib/python3.10/site-packages/keyboard_controller
copying /home/jayden/ros2_realController_ws/src/keyboard_controller/build/keyboard_controller/build/lib/keyboard_controller/controller.py -> /home/jayden/ros2_realController_ws/src/keyboard_controller/install/keyboard_controller/lib/python3.10/site-packages/keyboard_controller
copying /home/jayden/ros2_realController_ws/src/keyboard_controller/build/keyboard_controller/build/lib/keyboard_controller/__init__.py -> /home/jayden/ros2_realController_ws/src/keyboard_controller/install/keyboard_controller/lib/python3.10/site-packages/keyboard_controller
copying /home/jayden/ros2_realController_ws/src/keyboard_controller/build/keyboard_controller/build/lib/keyboard_controller/twistPub.py -> /home/jayden/ros2_realController_ws/src/keyboard_controller/install/keyboard_controller/lib/python3.10/site-packages/keyboard_controller
byte-compiling /home/jayden/ros2_realController_ws/src/keyboard_controller/install/keyboard_controller/lib/python3.10/site-packages/keyboard_controller/controller.py to controller.cpython-310.pyc
byte-compiling /home/jayden/ros2_realController_ws/src/keyboard_controller/install/keyboard_controller/lib/python3.10/site-packages/keyboard_controller/__init__.py to __init__.cpython-310.pyc
byte-compiling /home/jayden/ros2_realController_ws/src/keyboard_controller/install/keyboard_controller/lib/python3.10/site-packages/keyboard_controller/twistPub.py to twistPub.cpython-310.pyc
running install_data
creating /home/jayden/ros2_realController_ws/src/keyboard_controller/install/keyboard_controller/share/ament_index
creating /home/jayden/ros2_realController_ws/src/keyboard_controller/install/keyboard_controller/share/ament_index/resource_index
creating /home/jayden/ros2_realController_ws/src/keyboard_controller/install/keyboard_controller/share/ament_index/resource_index/packages
copying resource/keyboard_controller -> /home/jayden/ros2_realController_ws/src/keyboard_controller/install/keyboard_controller/share/ament_index/resource_index/packages
copying package.xml -> /home/jayden/ros2_realController_ws/src/keyboard_controller/install/keyboard_controller/share/keyboard_controller
running install_egg_info
Copying build/keyboard_controller/keyboard_controller.egg-info to /home/jayden/ros2_realController_ws/src/keyboard_controller/install/keyboard_controller/lib/python3.10/site-packages/keyboard_controller-0.0.0-py3.10.egg-info
running install_scripts
Installing controller script to /home/jayden/ros2_realController_ws/src/keyboard_controller/install/keyboard_controller/lib/keyboard_controller
Installing twistPub script to /home/jayden/ros2_realController_ws/src/keyboard_controller/install/keyboard_controller/lib/keyboard_controller
writing list of installed files to '/home/jayden/ros2_realController_ws/src/keyboard_controller/build/keyboard_controller/install.log'
