[0.865s] Invoking command in '/home/jayden/ros2_realController_ws/src/keyboard_controller': PYTHONPATH=/home/jayden/ros2_realController_ws/src/keyboard_controller/build/keyboard_controller/prefix_override:/usr/lib/python3/dist-packages/colcon_core/task/python/colcon_distutils_commands:/home/jayden/ros2_realController_ws/src/keyboard_controller/install/keyboard_controller/lib/python3.10/site-packages:${PYTHONPATH} /usr/bin/python3 -W ignore:setup.py install is deprecated setup.py egg_info --egg-base build/keyboard_controller build --build-base /home/jayden/ros2_realController_ws/src/keyboard_controller/build/keyboard_controller/build install --record /home/jayden/ros2_realController_ws/src/keyboard_controller/build/keyboard_controller/install.log --single-version-externally-managed install_data
[1.096s] running egg_info
[1.096s] creating build/keyboard_controller/keyboard_controller.egg-info
[1.098s] writing build/keyboard_controller/keyboard_controller.egg-info/PKG-INFO
[1.099s] writing dependency_links to build/keyboard_controller/keyboard_controller.egg-info/dependency_links.txt
[1.099s] writing entry points to build/keyboard_controller/keyboard_controller.egg-info/entry_points.txt
[1.099s] writing requirements to build/keyboard_controller/keyboard_controller.egg-info/requires.txt
[1.099s] writing top-level names to build/keyboard_controller/keyboard_controller.egg-info/top_level.txt
[1.100s] writing manifest file 'build/keyboard_controller/keyboard_controller.egg-info/SOURCES.txt'
[1.102s] reading manifest file 'build/keyboard_controller/keyboard_controller.egg-info/SOURCES.txt'
[1.103s] writing manifest file 'build/keyboard_controller/keyboard_controller.egg-info/SOURCES.txt'
[1.103s] running build
[1.104s] running build_py
[1.104s] creating /home/jayden/ros2_realController_ws/src/keyboard_controller/build/keyboard_controller/build
[1.104s] creating /home/jayden/ros2_realController_ws/src/keyboard_controller/build/keyboard_controller/build/lib
[1.104s] creating /home/jayden/ros2_realController_ws/src/keyboard_controller/build/keyboard_controller/build/lib/keyboard_controller
[1.104s] copying keyboard_controller/controller.py -> /home/jayden/ros2_realController_ws/src/keyboard_controller/build/keyboard_controller/build/lib/keyboard_controller
[1.105s] copying keyboard_controller/__init__.py -> /home/jayden/ros2_realController_ws/src/keyboard_controller/build/keyboard_controller/build/lib/keyboard_controller
[1.105s] copying keyboard_controller/twistPub.py -> /home/jayden/ros2_realController_ws/src/keyboard_controller/build/keyboard_controller/build/lib/keyboard_controller
[1.105s] running install
[1.108s] running install_lib
[1.108s] creating /home/jayden/ros2_realController_ws/src/keyboard_controller/install/keyboard_controller/lib/python3.10/site-packages/keyboard_controller
[1.109s] copying /home/jayden/ros2_realController_ws/src/keyboard_controller/build/keyboard_controller/build/lib/keyboard_controller/controller.py -> /home/jayden/ros2_realController_ws/src/keyboard_controller/install/keyboard_controller/lib/python3.10/site-packages/keyboard_controller
[1.109s] copying /home/jayden/ros2_realController_ws/src/keyboard_controller/build/keyboard_controller/build/lib/keyboard_controller/__init__.py -> /home/jayden/ros2_realController_ws/src/keyboard_controller/install/keyboard_controller/lib/python3.10/site-packages/keyboard_controller
[1.109s] copying /home/jayden/ros2_realController_ws/src/keyboard_controller/build/keyboard_controller/build/lib/keyboard_controller/twistPub.py -> /home/jayden/ros2_realController_ws/src/keyboard_controller/install/keyboard_controller/lib/python3.10/site-packages/keyboard_controller
[1.110s] byte-compiling /home/jayden/ros2_realController_ws/src/keyboard_controller/install/keyboard_controller/lib/python3.10/site-packages/keyboard_controller/controller.py to controller.cpython-310.pyc
[1.112s] byte-compiling /home/jayden/ros2_realController_ws/src/keyboard_controller/install/keyboard_controller/lib/python3.10/site-packages/keyboard_controller/__init__.py to __init__.cpython-310.pyc
[1.112s] byte-compiling /home/jayden/ros2_realController_ws/src/keyboard_controller/install/keyboard_controller/lib/python3.10/site-packages/keyboard_controller/twistPub.py to twistPub.cpython-310.pyc
[1.113s] running install_data
[1.113s] creating /home/jayden/ros2_realController_ws/src/keyboard_controller/install/keyboard_controller/share/ament_index
[1.113s] creating /home/jayden/ros2_realController_ws/src/keyboard_controller/install/keyboard_controller/share/ament_index/resource_index
[1.114s] creating /home/jayden/ros2_realController_ws/src/keyboard_controller/install/keyboard_controller/share/ament_index/resource_index/packages
[1.114s] copying resource/keyboard_controller -> /home/jayden/ros2_realController_ws/src/keyboard_controller/install/keyboard_controller/share/ament_index/resource_index/packages
[1.114s] copying package.xml -> /home/jayden/ros2_realController_ws/src/keyboard_controller/install/keyboard_controller/share/keyboard_controller
[1.114s] running install_egg_info
[1.116s] Copying build/keyboard_controller/keyboard_controller.egg-info to /home/jayden/ros2_realController_ws/src/keyboard_controller/install/keyboard_controller/lib/python3.10/site-packages/keyboard_controller-0.0.0-py3.10.egg-info
[1.117s] running install_scripts
[1.145s] Installing controller script to /home/jayden/ros2_realController_ws/src/keyboard_controller/install/keyboard_controller/lib/keyboard_controller
[1.146s] Installing twistPub script to /home/jayden/ros2_realController_ws/src/keyboard_controller/install/keyboard_controller/lib/keyboard_controller
[1.147s] writing list of installed files to '/home/jayden/ros2_realController_ws/src/keyboard_controller/build/keyboard_controller/install.log'
[1.176s] Invoked command in '/home/jayden/ros2_realController_ws/src/keyboard_controller' returned '0': PYTHONPATH=/home/jayden/ros2_realController_ws/src/keyboard_controller/build/keyboard_controller/prefix_override:/usr/lib/python3/dist-packages/colcon_core/task/python/colcon_distutils_commands:/home/jayden/ros2_realController_ws/src/keyboard_controller/install/keyboard_controller/lib/python3.10/site-packages:${PYTHONPATH} /usr/bin/python3 -W ignore:setup.py install is deprecated setup.py egg_info --egg-base build/keyboard_controller build --build-base /home/jayden/ros2_realController_ws/src/keyboard_controller/build/keyboard_controller/build install --record /home/jayden/ros2_realController_ws/src/keyboard_controller/build/keyboard_controller/install.log --single-version-externally-managed install_data
