[0.594s] Invoking command in '/home/schoolacc/ros2_ws/src/tcp_controller': PYTHONPATH=/home/schoolacc/ros2_ws/src/build/tcp_controller/prefix_override:/usr/lib/python3/dist-packages/colcon_core/task/python/colcon_distutils_commands:/home/schoolacc/ros2_ws/src/install/tcp_controller/lib/python3.10/site-packages:${PYTHONPATH} /usr/bin/python3 -W ignore:setup.py install is deprecated setup.py egg_info --egg-base ../build/tcp_controller build --build-base /home/schoolacc/ros2_ws/src/build/tcp_controller/build install --record /home/schoolacc/ros2_ws/src/build/tcp_controller/install.log --single-version-externally-managed install_data
[0.818s] running egg_info
[0.818s] writing ../build/tcp_controller/tcp_controller.egg-info/PKG-INFO
[0.819s] writing dependency_links to ../build/tcp_controller/tcp_controller.egg-info/dependency_links.txt
[0.819s] writing entry points to ../build/tcp_controller/tcp_controller.egg-info/entry_points.txt
[0.819s] writing requirements to ../build/tcp_controller/tcp_controller.egg-info/requires.txt
[0.819s] writing top-level names to ../build/tcp_controller/tcp_controller.egg-info/top_level.txt
[0.822s] reading manifest file '../build/tcp_controller/tcp_controller.egg-info/SOURCES.txt'
[0.823s] writing manifest file '../build/tcp_controller/tcp_controller.egg-info/SOURCES.txt'
[0.823s] running build
[0.823s] running build_py
[0.823s] running install
[0.824s] running install_lib
[0.825s] running install_data
[0.826s] running install_egg_info
[0.828s] removing '/home/schoolacc/ros2_ws/src/install/tcp_controller/lib/python3.10/site-packages/tcp_controller-0.0.0-py3.10.egg-info' (and everything under it)
[0.828s] Copying ../build/tcp_controller/tcp_controller.egg-info to /home/schoolacc/ros2_ws/src/install/tcp_controller/lib/python3.10/site-packages/tcp_controller-0.0.0-py3.10.egg-info
[0.829s] running install_scripts
[0.848s] Installing simpletwist script to /home/schoolacc/ros2_ws/src/install/tcp_controller/lib/tcp_controller
[0.848s] Installing twistasdfmocker script to /home/schoolacc/ros2_ws/src/install/tcp_controller/lib/tcp_controller
[0.848s] writing list of installed files to '/home/schoolacc/ros2_ws/src/build/tcp_controller/install.log'
[0.867s] Invoked command in '/home/schoolacc/ros2_ws/src/tcp_controller' returned '0': PYTHONPATH=/home/schoolacc/ros2_ws/src/build/tcp_controller/prefix_override:/usr/lib/python3/dist-packages/colcon_core/task/python/colcon_distutils_commands:/home/schoolacc/ros2_ws/src/install/tcp_controller/lib/python3.10/site-packages:${PYTHONPATH} /usr/bin/python3 -W ignore:setup.py install is deprecated setup.py egg_info --egg-base ../build/tcp_controller build --build-base /home/schoolacc/ros2_ws/src/build/tcp_controller/build install --record /home/schoolacc/ros2_ws/src/build/tcp_controller/install.log --single-version-externally-managed install_data
