[2.071s] Invoking command in '/home/jayden/ros2_realController_ws/src/keyboard_controller': PYTHONPATH=/home/jayden/ros2_realController_ws/src/keyboard_controller/build/keyboard_controller/prefix_override:/usr/lib/python3/dist-packages/colcon_core/task/python/colcon_distutils_commands:/home/jayden/ros2_realController_ws/src/keyboard_controller/install/keyboard_controller/lib/python3.10/site-packages:${PYTHONPATH} /usr/bin/python3 -W ignore:setup.py install is deprecated setup.py egg_info --egg-base build/keyboard_controller build --build-base /home/jayden/ros2_realController_ws/src/keyboard_controller/build/keyboard_controller/build install --record /home/jayden/ros2_realController_ws/src/keyboard_controller/build/keyboard_controller/install.log --single-version-externally-managed install_data
[2.689s] running egg_info
[2.692s] writing build/keyboard_controller/keyboard_controller.egg-info/PKG-INFO
[2.693s] writing dependency_links to build/keyboard_controller/keyboard_controller.egg-info/dependency_links.txt
[2.693s] writing entry points to build/keyboard_controller/keyboard_controller.egg-info/entry_points.txt
[2.694s] writing requirements to build/keyboard_controller/keyboard_controller.egg-info/requires.txt
[2.694s] writing top-level names to build/keyboard_controller/keyboard_controller.egg-info/top_level.txt
[2.699s] reading manifest file 'build/keyboard_controller/keyboard_controller.egg-info/SOURCES.txt'
[2.703s] writing manifest file 'build/keyboard_controller/keyboard_controller.egg-info/SOURCES.txt'
[2.703s] running build
[2.704s] running build_py
[2.704s] copying keyboard_controller/controller.py -> /home/jayden/ros2_realController_ws/src/keyboard_controller/build/keyboard_controller/build/lib/keyboard_controller
[2.705s] running install
[2.707s] running install_lib
[2.715s] copying /home/jayden/ros2_realController_ws/src/keyboard_controller/build/keyboard_controller/build/lib/keyboard_controller/controller.py -> /home/jayden/ros2_realController_ws/src/keyboard_controller/install/keyboard_controller/lib/python3.10/site-packages/keyboard_controller
[2.715s] byte-compiling /home/jayden/ros2_realController_ws/src/keyboard_controller/install/keyboard_controller/lib/python3.10/site-packages/keyboard_controller/controller.py to controller.cpython-310.pyc
[2.720s] running install_data
[2.721s] running install_egg_info
[2.724s] removing '/home/jayden/ros2_realController_ws/src/keyboard_controller/install/keyboard_controller/lib/python3.10/site-packages/keyboard_controller-0.0.0-py3.10.egg-info' (and everything under it)
[2.728s] Copying build/keyboard_controller/keyboard_controller.egg-info to /home/jayden/ros2_realController_ws/src/keyboard_controller/install/keyboard_controller/lib/python3.10/site-packages/keyboard_controller-0.0.0-py3.10.egg-info
[2.731s] running install_scripts
[2.786s] Installing controller script to /home/jayden/ros2_realController_ws/src/keyboard_controller/install/keyboard_controller/lib/keyboard_controller
[2.787s] Installing twistPub script to /home/jayden/ros2_realController_ws/src/keyboard_controller/install/keyboard_controller/lib/keyboard_controller
[2.787s] writing list of installed files to '/home/jayden/ros2_realController_ws/src/keyboard_controller/build/keyboard_controller/install.log'
[2.849s] Invoked command in '/home/jayden/ros2_realController_ws/src/keyboard_controller' returned '0': PYTHONPATH=/home/jayden/ros2_realController_ws/src/keyboard_controller/build/keyboard_controller/prefix_override:/usr/lib/python3/dist-packages/colcon_core/task/python/colcon_distutils_commands:/home/jayden/ros2_realController_ws/src/keyboard_controller/install/keyboard_controller/lib/python3.10/site-packages:${PYTHONPATH} /usr/bin/python3 -W ignore:setup.py install is deprecated setup.py egg_info --egg-base build/keyboard_controller build --build-base /home/jayden/ros2_realController_ws/src/keyboard_controller/build/keyboard_controller/build install --record /home/jayden/ros2_realController_ws/src/keyboard_controller/build/keyboard_controller/install.log --single-version-externally-managed install_data
