[0.086s] DEBUG:colcon:Command line arguments: ['/usr/bin/colcon', 'build', '--symlink']
[0.086s] DEBUG:colcon:Parsed command line arguments: Namespace(log_base=None, log_level=None, verb_name='build', build_base='build', install_base='install', merge_install=False, symlink_install=True, test_result_base=None, continue_on_error=False, executor='parallel', parallel_workers=8, event_handlers=None, ignore_user_meta=False, metas=['./colcon.meta'], base_paths=['.'], packages_ignore=None, packages_ignore_regex=None, paths=None, packages_up_to=None, packages_up_to_regex=None, packages_above=None, packages_above_and_dependencies=None, packages_above_depth=None, packages_select_by_dep=None, packages_skip_by_dep=None, packages_skip_up_to=None, packages_select_build_failed=False, packages_skip_build_finished=False, packages_select_test_failures=False, packages_skip_test_passed=False, packages_select=None, packages_skip=None, packages_select_regex=None, packages_skip_regex=None, packages_start=None, packages_end=None, allow_overriding=[], cmake_args=None, cmake_target=None, cmake_target_skip_unavailable=False, cmake_clean_cache=False, cmake_clean_first=False, cmake_force_configure=False, ament_cmake_args=None, catkin_cmake_args=None, catkin_skip_building_tests=False, mixin_files=None, mixin=None, verb_parser=<colcon_mixin.mixin.mixin_argument.MixinArgumentDecorator object at 0x757cf1839d20>, verb_extension=<colcon_core.verb.build.BuildVerb object at 0x757cf1839660>, main=<bound method BuildVerb.main of <colcon_core.verb.build.BuildVerb object at 0x757cf1839660>>, mixin_verb=('build',))
[0.201s] Level 1:colcon.colcon_core.package_discovery:discover_packages(colcon_meta) check parameters
[0.201s] Level 1:colcon.colcon_core.package_discovery:discover_packages(recursive) check parameters
[0.201s] Level 1:colcon.colcon_core.package_discovery:discover_packages(ignore) check parameters
[0.201s] Level 1:colcon.colcon_core.package_discovery:discover_packages(path) check parameters
[0.201s] Level 1:colcon.colcon_core.package_discovery:discover_packages(colcon_meta) discover
[0.201s] Level 1:colcon.colcon_core.package_discovery:discover_packages(recursive) discover
[0.201s] INFO:colcon.colcon_core.package_discovery:Crawling recursively for packages in '/home/darren/ros2_ws'
[0.201s] Level 1:colcon.colcon_core.package_identification:_identify(.) by extensions ['ignore', 'ignore_ament_install']
[0.201s] Level 1:colcon.colcon_core.package_identification:_identify(.) by extension 'ignore'
[0.201s] Level 1:colcon.colcon_core.package_identification:_identify(.) by extension 'ignore_ament_install'
[0.201s] Level 1:colcon.colcon_core.package_identification:_identify(.) by extensions ['colcon_pkg']
[0.201s] Level 1:colcon.colcon_core.package_identification:_identify(.) by extension 'colcon_pkg'
[0.201s] Level 1:colcon.colcon_core.package_identification:_identify(.) by extensions ['colcon_meta']
[0.201s] Level 1:colcon.colcon_core.package_identification:_identify(.) by extension 'colcon_meta'
[0.201s] Level 1:colcon.colcon_core.package_identification:_identify(.) by extensions ['ros']
[0.201s] Level 1:colcon.colcon_core.package_identification:_identify(.) by extension 'ros'
[0.210s] Level 1:colcon.colcon_core.package_identification:_identify(.) by extensions ['cmake', 'python']
[0.210s] Level 1:colcon.colcon_core.package_identification:_identify(.) by extension 'cmake'
[0.210s] Level 1:colcon.colcon_core.package_identification:_identify(.) by extension 'python'
[0.210s] Level 1:colcon.colcon_core.package_identification:_identify(.) by extensions ['python_setup_py']
[0.210s] Level 1:colcon.colcon_core.package_identification:_identify(.) by extension 'python_setup_py'
[0.210s] Level 1:colcon.colcon_core.package_identification:_identify(build) by extensions ['ignore', 'ignore_ament_install']
[0.210s] Level 1:colcon.colcon_core.package_identification:_identify(build) by extension 'ignore'
[0.210s] Level 1:colcon.colcon_core.package_identification:_identify(build) ignored
[0.211s] Level 1:colcon.colcon_core.package_identification:_identify(install) by extensions ['ignore', 'ignore_ament_install']
[0.211s] Level 1:colcon.colcon_core.package_identification:_identify(install) by extension 'ignore'
[0.211s] Level 1:colcon.colcon_core.package_identification:_identify(install) ignored
[0.211s] Level 1:colcon.colcon_core.package_identification:_identify(log) by extensions ['ignore', 'ignore_ament_install']
[0.211s] Level 1:colcon.colcon_core.package_identification:_identify(log) by extension 'ignore'
[0.211s] Level 1:colcon.colcon_core.package_identification:_identify(log) ignored
[0.211s] Level 1:colcon.colcon_core.package_identification:_identify(src) by extensions ['ignore', 'ignore_ament_install']
[0.211s] Level 1:colcon.colcon_core.package_identification:_identify(src) by extension 'ignore'
[0.211s] Level 1:colcon.colcon_core.package_identification:_identify(src) by extension 'ignore_ament_install'
[0.211s] Level 1:colcon.colcon_core.package_identification:_identify(src) by extensions ['colcon_pkg']
[0.211s] Level 1:colcon.colcon_core.package_identification:_identify(src) by extension 'colcon_pkg'
[0.211s] Level 1:colcon.colcon_core.package_identification:_identify(src) by extensions ['colcon_meta']
[0.211s] Level 1:colcon.colcon_core.package_identification:_identify(src) by extension 'colcon_meta'
[0.211s] Level 1:colcon.colcon_core.package_identification:_identify(src) by extensions ['ros']
[0.211s] Level 1:colcon.colcon_core.package_identification:_identify(src) by extension 'ros'
[0.211s] Level 1:colcon.colcon_core.package_identification:_identify(src) by extensions ['cmake', 'python']
[0.211s] Level 1:colcon.colcon_core.package_identification:_identify(src) by extension 'cmake'
[0.211s] Level 1:colcon.colcon_core.package_identification:_identify(src) by extension 'python'
[0.211s] Level 1:colcon.colcon_core.package_identification:_identify(src) by extensions ['python_setup_py']
[0.211s] Level 1:colcon.colcon_core.package_identification:_identify(src) by extension 'python_setup_py'
[0.211s] Level 1:colcon.colcon_core.package_identification:_identify(src/DW_DarrensController) by extensions ['ignore', 'ignore_ament_install']
[0.211s] Level 1:colcon.colcon_core.package_identification:_identify(src/DW_DarrensController) by extension 'ignore'
[0.211s] Level 1:colcon.colcon_core.package_identification:_identify(src/DW_DarrensController) by extension 'ignore_ament_install'
[0.211s] Level 1:colcon.colcon_core.package_identification:_identify(src/DW_DarrensController) by extensions ['colcon_pkg']
[0.211s] Level 1:colcon.colcon_core.package_identification:_identify(src/DW_DarrensController) by extension 'colcon_pkg'
[0.211s] Level 1:colcon.colcon_core.package_identification:_identify(src/DW_DarrensController) by extensions ['colcon_meta']
[0.211s] Level 1:colcon.colcon_core.package_identification:_identify(src/DW_DarrensController) by extension 'colcon_meta'
[0.211s] Level 1:colcon.colcon_core.package_identification:_identify(src/DW_DarrensController) by extensions ['ros']
[0.211s] Level 1:colcon.colcon_core.package_identification:_identify(src/DW_DarrensController) by extension 'ros'
[0.213s] DEBUG:colcon.colcon_core.package_identification:Package 'src/DW_DarrensController' with type 'ros.ament_python' and name 'DW_DarrensController'
[0.213s] Level 1:colcon.colcon_core.package_identification:_identify(src/launch) by extensions ['ignore', 'ignore_ament_install']
[0.214s] Level 1:colcon.colcon_core.package_identification:_identify(src/launch) by extension 'ignore'
[0.214s] Level 1:colcon.colcon_core.package_identification:_identify(src/launch) by extension 'ignore_ament_install'
[0.214s] Level 1:colcon.colcon_core.package_identification:_identify(src/launch) by extensions ['colcon_pkg']
[0.214s] Level 1:colcon.colcon_core.package_identification:_identify(src/launch) by extension 'colcon_pkg'
[0.214s] Level 1:colcon.colcon_core.package_identification:_identify(src/launch) by extensions ['colcon_meta']
[0.214s] Level 1:colcon.colcon_core.package_identification:_identify(src/launch) by extension 'colcon_meta'
[0.214s] Level 1:colcon.colcon_core.package_identification:_identify(src/launch) by extensions ['ros']
[0.214s] Level 1:colcon.colcon_core.package_identification:_identify(src/launch) by extension 'ros'
[0.214s] Level 1:colcon.colcon_core.package_identification:_identify(src/launch) by extensions ['cmake', 'python']
[0.214s] Level 1:colcon.colcon_core.package_identification:_identify(src/launch) by extension 'cmake'
[0.214s] Level 1:colcon.colcon_core.package_identification:_identify(src/launch) by extension 'python'
[0.214s] Level 1:colcon.colcon_core.package_identification:_identify(src/launch) by extensions ['python_setup_py']
[0.214s] Level 1:colcon.colcon_core.package_identification:_identify(src/launch) by extension 'python_setup_py'
[0.214s] Level 1:colcon.colcon_core.package_identification:_identify(src/launch/__pycache__) by extensions ['ignore', 'ignore_ament_install']
[0.214s] Level 1:colcon.colcon_core.package_identification:_identify(src/launch/__pycache__) by extension 'ignore'
[0.214s] Level 1:colcon.colcon_core.package_identification:_identify(src/launch/__pycache__) by extension 'ignore_ament_install'
[0.214s] Level 1:colcon.colcon_core.package_identification:_identify(src/launch/__pycache__) by extensions ['colcon_pkg']
[0.214s] Level 1:colcon.colcon_core.package_identification:_identify(src/launch/__pycache__) by extension 'colcon_pkg'
[0.214s] Level 1:colcon.colcon_core.package_identification:_identify(src/launch/__pycache__) by extensions ['colcon_meta']
[0.214s] Level 1:colcon.colcon_core.package_identification:_identify(src/launch/__pycache__) by extension 'colcon_meta'
[0.214s] Level 1:colcon.colcon_core.package_identification:_identify(src/launch/__pycache__) by extensions ['ros']
[0.214s] Level 1:colcon.colcon_core.package_identification:_identify(src/launch/__pycache__) by extension 'ros'
[0.214s] Level 1:colcon.colcon_core.package_identification:_identify(src/launch/__pycache__) by extensions ['cmake', 'python']
[0.214s] Level 1:colcon.colcon_core.package_identification:_identify(src/launch/__pycache__) by extension 'cmake'
[0.214s] Level 1:colcon.colcon_core.package_identification:_identify(src/launch/__pycache__) by extension 'python'
[0.214s] Level 1:colcon.colcon_core.package_identification:_identify(src/launch/__pycache__) by extensions ['python_setup_py']
[0.214s] Level 1:colcon.colcon_core.package_identification:_identify(src/launch/__pycache__) by extension 'python_setup_py'
[0.214s] Level 1:colcon.colcon_core.package_discovery:discover_packages(recursive) using defaults
[0.214s] Level 1:colcon.colcon_core.package_discovery:discover_packages(ignore) discover
[0.214s] Level 1:colcon.colcon_core.package_discovery:discover_packages(ignore) using defaults
[0.214s] Level 1:colcon.colcon_core.package_discovery:discover_packages(path) discover
[0.214s] Level 1:colcon.colcon_core.package_discovery:discover_packages(path) using defaults
[0.231s] Level 1:colcon.colcon_core.package_discovery:discover_packages(prefix_path) check parameters
[0.231s] Level 1:colcon.colcon_core.package_discovery:discover_packages(prefix_path) discover
[0.233s] WARNING:colcon.colcon_ros.prefix_path.ament:The path '/home/darren/ros2_ws/install/DW_DarrensController' in the environment variable AMENT_PREFIX_PATH doesn't exist
[0.233s] DEBUG:colcon.colcon_installed_package_information.package_discovery:Found 0 installed packages in /home/darren/ros2_ws/install
[0.234s] DEBUG:colcon.colcon_installed_package_information.package_discovery:Found 270 installed packages in /opt/ros/humble
[0.235s] Level 1:colcon.colcon_core.package_discovery:discover_packages(prefix_path) using defaults
[0.277s] Level 5:colcon.colcon_core.verb:set package 'DW_DarrensController' build argument 'cmake_args' from command line to 'None'
[0.277s] Level 5:colcon.colcon_core.verb:set package 'DW_DarrensController' build argument 'cmake_target' from command line to 'None'
[0.277s] Level 5:colcon.colcon_core.verb:set package 'DW_DarrensController' build argument 'cmake_target_skip_unavailable' from command line to 'False'
[0.277s] Level 5:colcon.colcon_core.verb:set package 'DW_DarrensController' build argument 'cmake_clean_cache' from command line to 'False'
[0.277s] Level 5:colcon.colcon_core.verb:set package 'DW_DarrensController' build argument 'cmake_clean_first' from command line to 'False'
[0.277s] Level 5:colcon.colcon_core.verb:set package 'DW_DarrensController' build argument 'cmake_force_configure' from command line to 'False'
[0.277s] Level 5:colcon.colcon_core.verb:set package 'DW_DarrensController' build argument 'ament_cmake_args' from command line to 'None'
[0.277s] Level 5:colcon.colcon_core.verb:set package 'DW_DarrensController' build argument 'catkin_cmake_args' from command line to 'None'
[0.277s] Level 5:colcon.colcon_core.verb:set package 'DW_DarrensController' build argument 'catkin_skip_building_tests' from command line to 'False'
[0.277s] DEBUG:colcon.colcon_core.verb:Building package 'DW_DarrensController' with the following arguments: {'ament_cmake_args': None, 'build_base': '/home/darren/ros2_ws/build/DW_DarrensController', 'catkin_cmake_args': None, 'catkin_skip_building_tests': False, 'cmake_args': None, 'cmake_clean_cache': False, 'cmake_clean_first': False, 'cmake_force_configure': False, 'cmake_target': None, 'cmake_target_skip_unavailable': False, 'install_base': '/home/darren/ros2_ws/install/DW_DarrensController', 'merge_install': False, 'path': '/home/darren/ros2_ws/src/DW_DarrensController', 'symlink_install': True, 'test_result_base': None}
[0.277s] INFO:colcon.colcon_core.executor:Executing jobs using 'parallel' executor
[0.278s] DEBUG:colcon.colcon_parallel_executor.executor.parallel:run_until_complete
[0.278s] INFO:colcon.colcon_ros.task.ament_python.build:Building ROS package in '/home/darren/ros2_ws/src/DW_DarrensController' with build type 'ament_python'
[0.278s] Level 1:colcon.colcon_core.shell:create_environment_hook('DW_DarrensController', 'ament_prefix_path')
[0.281s] INFO:colcon.colcon_core.plugin_system:Skipping extension 'colcon_core.shell.bat': Not used on non-Windows systems
[0.282s] INFO:colcon.colcon_core.shell:Creating environment hook '/home/darren/ros2_ws/install/DW_DarrensController/share/DW_DarrensController/hook/ament_prefix_path.ps1'
[0.282s] INFO:colcon.colcon_core.shell:Creating environment descriptor '/home/darren/ros2_ws/install/DW_DarrensController/share/DW_DarrensController/hook/ament_prefix_path.dsv'
[0.283s] INFO:colcon.colcon_core.shell:Creating environment hook '/home/darren/ros2_ws/install/DW_DarrensController/share/DW_DarrensController/hook/ament_prefix_path.sh'
[0.284s] INFO:colcon.colcon_core.shell:Skip shell extension 'powershell' for command environment: Not usable outside of PowerShell
[0.284s] DEBUG:colcon.colcon_core.shell:Skip shell extension 'dsv' for command environment
[0.485s] INFO:colcon.colcon_core.task.python.build:Building Python package in '/home/darren/ros2_ws/src/DW_DarrensController'
[0.485s] INFO:colcon.colcon_core.shell:Skip shell extension 'powershell' for command environment: Not usable outside of PowerShell
[0.485s] DEBUG:colcon.colcon_core.shell:Skip shell extension 'dsv' for command environment
[0.757s] DEBUG:colcon.colcon_core.event_handler.log_command:Invoking command in '/home/darren/ros2_ws/build/DW_DarrensController': PYTHONPATH=/home/darren/ros2_ws/build/DW_DarrensController/prefix_override:/usr/lib/python3/dist-packages/colcon_core/task/python/colcon_distutils_commands:/home/darren/ros2_ws/install/DW_DarrensController/lib/python3.10/site-packages:${PYTHONPATH} /usr/bin/python3 -W ignore:setup.py install is deprecated setup.py develop --editable --build-directory /home/darren/ros2_ws/build/DW_DarrensController/build --no-deps symlink_data
[1.087s] Level 1:colcon.colcon_core.shell:create_environment_hook('DW_DarrensController', 'pythonpath_develop')
[1.087s] INFO:colcon.colcon_core.shell:Creating environment hook '/home/darren/ros2_ws/build/DW_DarrensController/share/DW_DarrensController/hook/pythonpath_develop.ps1'
[1.088s] DEBUG:colcon.colcon_core.event_handler.log_command:Invoked command in '/home/darren/ros2_ws/build/DW_DarrensController' returned '0': PYTHONPATH=/home/darren/ros2_ws/build/DW_DarrensController/prefix_override:/usr/lib/python3/dist-packages/colcon_core/task/python/colcon_distutils_commands:/home/darren/ros2_ws/install/DW_DarrensController/lib/python3.10/site-packages:${PYTHONPATH} /usr/bin/python3 -W ignore:setup.py install is deprecated setup.py develop --editable --build-directory /home/darren/ros2_ws/build/DW_DarrensController/build --no-deps symlink_data
[1.088s] INFO:colcon.colcon_core.shell:Creating environment descriptor '/home/darren/ros2_ws/build/DW_DarrensController/share/DW_DarrensController/hook/pythonpath_develop.dsv'
[1.088s] INFO:colcon.colcon_core.shell:Creating environment hook '/home/darren/ros2_ws/build/DW_DarrensController/share/DW_DarrensController/hook/pythonpath_develop.sh'
[1.091s] Level 1:colcon.colcon_core.environment:checking '/home/darren/ros2_ws/install/DW_DarrensController' for CMake module files
[1.092s] Level 1:colcon.colcon_core.environment:checking '/home/darren/ros2_ws/install/DW_DarrensController' for CMake config files
[1.092s] Level 1:colcon.colcon_core.environment:checking '/home/darren/ros2_ws/install/DW_DarrensController/lib'
[1.092s] Level 1:colcon.colcon_core.environment:checking '/home/darren/ros2_ws/install/DW_DarrensController/bin'
[1.092s] Level 1:colcon.colcon_core.environment:checking '/home/darren/ros2_ws/install/DW_DarrensController/lib/pkgconfig/DW_DarrensController.pc'
[1.092s] Level 1:colcon.colcon_core.environment:checking '/home/darren/ros2_ws/install/DW_DarrensController/lib/python3.10/site-packages'
[1.093s] Level 1:colcon.colcon_core.shell:create_environment_hook('DW_DarrensController', 'pythonpath')
[1.093s] INFO:colcon.colcon_core.shell:Creating environment hook '/home/darren/ros2_ws/install/DW_DarrensController/share/DW_DarrensController/hook/pythonpath.ps1'
[1.093s] INFO:colcon.colcon_core.shell:Creating environment descriptor '/home/darren/ros2_ws/install/DW_DarrensController/share/DW_DarrensController/hook/pythonpath.dsv'
[1.093s] INFO:colcon.colcon_core.shell:Creating environment hook '/home/darren/ros2_ws/install/DW_DarrensController/share/DW_DarrensController/hook/pythonpath.sh'
[1.093s] Level 1:colcon.colcon_core.environment:checking '/home/darren/ros2_ws/install/DW_DarrensController/bin'
[1.094s] Level 1:colcon.colcon_core.environment:create_environment_scripts_only(DW_DarrensController)
[1.094s] INFO:colcon.colcon_core.shell:Creating package script '/home/darren/ros2_ws/install/DW_DarrensController/share/DW_DarrensController/package.ps1'
[1.095s] INFO:colcon.colcon_core.shell:Creating package descriptor '/home/darren/ros2_ws/install/DW_DarrensController/share/DW_DarrensController/package.dsv'
[1.095s] INFO:colcon.colcon_core.shell:Creating package script '/home/darren/ros2_ws/install/DW_DarrensController/share/DW_DarrensController/package.sh'
[1.096s] INFO:colcon.colcon_core.shell:Creating package script '/home/darren/ros2_ws/install/DW_DarrensController/share/DW_DarrensController/package.bash'
[1.096s] INFO:colcon.colcon_core.shell:Creating package script '/home/darren/ros2_ws/install/DW_DarrensController/share/DW_DarrensController/package.zsh'
[1.097s] Level 1:colcon.colcon_core.environment:create_file_with_runtime_dependencies(/home/darren/ros2_ws/install/DW_DarrensController/share/colcon-core/packages/DW_DarrensController)
[1.097s] DEBUG:colcon.colcon_parallel_executor.executor.parallel:closing loop
[1.098s] DEBUG:colcon.colcon_parallel_executor.executor.parallel:loop closed
[1.098s] DEBUG:colcon.colcon_parallel_executor.executor.parallel:run_until_complete finished with '0'
[1.098s] DEBUG:colcon.colcon_core.event_reactor:joining thread
[1.102s] INFO:colcon.colcon_core.plugin_system:Skipping extension 'colcon_notification.desktop_notification.terminal_notifier': Not used on non-Darwin systems
[1.102s] INFO:colcon.colcon_core.plugin_system:Skipping extension 'colcon_notification.desktop_notification.win32': Not used on non-Windows systems
[1.102s] INFO:colcon.colcon_notification.desktop_notification:Sending desktop notification using 'notify2'
[1.116s] DEBUG:colcon.colcon_core.event_reactor:joined thread
[1.116s] INFO:colcon.colcon_core.shell:Creating prefix script '/home/darren/ros2_ws/install/local_setup.ps1'
[1.118s] INFO:colcon.colcon_core.shell:Creating prefix util module '/home/darren/ros2_ws/install/_local_setup_util_ps1.py'
[1.119s] INFO:colcon.colcon_core.shell:Creating prefix chain script '/home/darren/ros2_ws/install/setup.ps1'
[1.120s] INFO:colcon.colcon_core.shell:Creating prefix script '/home/darren/ros2_ws/install/local_setup.sh'
[1.121s] INFO:colcon.colcon_core.shell:Creating prefix util module '/home/darren/ros2_ws/install/_local_setup_util_sh.py'
[1.121s] INFO:colcon.colcon_core.shell:Creating prefix chain script '/home/darren/ros2_ws/install/setup.sh'
[1.122s] INFO:colcon.colcon_core.shell:Creating prefix script '/home/darren/ros2_ws/install/local_setup.bash'
[1.123s] INFO:colcon.colcon_core.shell:Creating prefix chain script '/home/darren/ros2_ws/install/setup.bash'
[1.124s] INFO:colcon.colcon_core.shell:Creating prefix script '/home/darren/ros2_ws/install/local_setup.zsh'
[1.125s] INFO:colcon.colcon_core.shell:Creating prefix chain script '/home/darren/ros2_ws/install/setup.zsh'
