running develop
running egg_info
creating DW_DarrensController.egg-info
writing DW_DarrensController.egg-info/PKG-INFO
writing dependency_links to DW_DarrensController.egg-info/dependency_links.txt
writing entry points to DW_DarrensController.egg-info/entry_points.txt
writing requirements to DW_DarrensController.egg-info/requires.txt
writing top-level names to DW_DarrensController.egg-info/top_level.txt
writing manifest file 'DW_DarrensController.egg-info/SOURCES.txt'
reading manifest file 'DW_DarrensController.egg-info/SOURCES.txt'
writing manifest file 'DW_DarrensController.egg-info/SOURCES.txt'
running build_ext
Creating /home/darren/ros2_ws/install/DW_DarrensController/lib/python3.10/site-packages/DW-DarrensController.egg-link (link to .)
Installing thrustmaster_drive script to /home/darren/ros2_ws/install/DW_DarrensController/lib/DW_DarrensController

Installed /home/darren/ros2_ws/build/DW_DarrensController
running symlink_data
creating /home/darren/ros2_ws/install/DW_DarrensController/share/ament_index
creating /home/darren/ros2_ws/install/DW_DarrensController/share/ament_index/resource_index
creating /home/darren/ros2_ws/install/DW_DarrensController/share/ament_index/resource_index/packages
symbolically linking /home/darren/ros2_ws/build/DW_DarrensController/resource/DW_DarrensController -> /home/darren/ros2_ws/install/DW_DarrensController/share/ament_index/resource_index/packages
symbolically linking /home/darren/ros2_ws/build/DW_DarrensController/package.xml -> /home/darren/ros2_ws/install/DW_DarrensController/share/DW_DarrensController
