[0.776s] DEBUG:colcon:Command line arguments: ['/usr/bin/colcon', 'build']
[0.777s] DEBUG:colcon:Parsed command line arguments: Namespace(log_base=None, log_level=None, verb_name='build', build_base='build', install_base='install', merge_install=False, symlink_install=False, test_result_base=None, continue_on_error=False, executor='parallel', parallel_workers=12, event_handlers=None, ignore_user_meta=False, metas=['./colcon.meta'], base_paths=['.'], packages_ignore=None, packages_ignore_regex=None, paths=None, packages_up_to=None, packages_up_to_regex=None, packages_above=None, packages_above_and_dependencies=None, packages_above_depth=None, packages_select_by_dep=None, packages_skip_by_dep=None, packages_skip_up_to=None, packages_select_build_failed=False, packages_skip_build_finished=False, packages_select_test_failures=False, packages_skip_test_passed=False, packages_select=None, packages_skip=None, packages_select_regex=None, packages_skip_regex=None, packages_start=None, packages_end=None, allow_overriding=[], cmake_args=None, cmake_target=None, cmake_target_skip_unavailable=False, cmake_clean_cache=False, cmake_clean_first=False, cmake_force_configure=False, ament_cmake_args=None, catkin_cmake_args=None, catkin_skip_building_tests=False, verb_parser=<colcon_defaults.argument_parser.defaults.DefaultArgumentsDecorator object at 0x7fd668b60d30>, verb_extension=<colcon_core.verb.build.BuildVerb object at 0x7fd668b60a60>, main=<bound method BuildVerb.main of <colcon_core.verb.build.BuildVerb object at 0x7fd668b60a60>>)
[1.677s] Level 1:colcon.colcon_core.package_discovery:discover_packages(colcon_meta) check parameters
[1.677s] Level 1:colcon.colcon_core.package_discovery:discover_packages(recursive) check parameters
[1.677s] Level 1:colcon.colcon_core.package_discovery:discover_packages(ignore) check parameters
[1.677s] Level 1:colcon.colcon_core.package_discovery:discover_packages(path) check parameters
[1.677s] Level 1:colcon.colcon_core.package_discovery:discover_packages(colcon_meta) discover
[1.677s] Level 1:colcon.colcon_core.package_discovery:discover_packages(recursive) discover
[1.677s] INFO:colcon.colcon_core.package_discovery:Crawling recursively for packages in '/home/jayden/ros2_realController_ws/src/keyboard_controller'
[1.678s] Level 1:colcon.colcon_core.package_identification:_identify(.) by extensions ['ignore', 'ignore_ament_install']
[1.678s] Level 1:colcon.colcon_core.package_identification:_identify(.) by extension 'ignore'
[1.678s] Level 1:colcon.colcon_core.package_identification:_identify(.) by extension 'ignore_ament_install'
[1.678s] Level 1:colcon.colcon_core.package_identification:_identify(.) by extensions ['colcon_pkg']
[1.678s] Level 1:colcon.colcon_core.package_identification:_identify(.) by extension 'colcon_pkg'
[1.679s] Level 1:colcon.colcon_core.package_identification:_identify(.) by extensions ['colcon_meta']
[1.679s] Level 1:colcon.colcon_core.package_identification:_identify(.) by extension 'colcon_meta'
[1.679s] Level 1:colcon.colcon_core.package_identification:_identify(.) by extensions ['ros']
[1.679s] Level 1:colcon.colcon_core.package_identification:_identify(.) by extension 'ros'
[1.736s] DEBUG:colcon.colcon_core.package_identification:Package '.' with type 'ros.ament_python' and name 'keyboard_controller'
[1.736s] Level 1:colcon.colcon_core.package_discovery:discover_packages(recursive) using defaults
[1.736s] Level 1:colcon.colcon_core.package_discovery:discover_packages(ignore) discover
[1.736s] Level 1:colcon.colcon_core.package_discovery:discover_packages(ignore) using defaults
[1.736s] Level 1:colcon.colcon_core.package_discovery:discover_packages(path) discover
[1.736s] Level 1:colcon.colcon_core.package_discovery:discover_packages(path) using defaults
[1.830s] Level 1:colcon.colcon_core.package_discovery:discover_packages(prefix_path) check parameters
[1.831s] Level 1:colcon.colcon_core.package_discovery:discover_packages(prefix_path) discover
[1.849s] DEBUG:colcon.colcon_installed_package_information.package_discovery:Found 1 installed packages in /home/jayden/ros2_realController_ws/src/keyboard_controller/install
[1.851s] DEBUG:colcon.colcon_installed_package_information.package_discovery:Found 11 installed packages in /home/jayden/ROS_workspace/install
[1.853s] DEBUG:colcon.colcon_installed_package_information.package_discovery:Found 2 installed packages in /home/jayden/ros2_realController_ws/src/install
[1.857s] DEBUG:colcon.colcon_installed_package_information.package_discovery:Found 270 installed packages in /opt/ros/humble
[1.861s] Level 1:colcon.colcon_core.package_discovery:discover_packages(prefix_path) using defaults
[2.129s] Level 5:colcon.colcon_core.verb:set package 'keyboard_controller' build argument 'cmake_args' from command line to 'None'
[2.130s] Level 5:colcon.colcon_core.verb:set package 'keyboard_controller' build argument 'cmake_target' from command line to 'None'
[2.130s] Level 5:colcon.colcon_core.verb:set package 'keyboard_controller' build argument 'cmake_target_skip_unavailable' from command line to 'False'
[2.130s] Level 5:colcon.colcon_core.verb:set package 'keyboard_controller' build argument 'cmake_clean_cache' from command line to 'False'
[2.130s] Level 5:colcon.colcon_core.verb:set package 'keyboard_controller' build argument 'cmake_clean_first' from command line to 'False'
[2.130s] Level 5:colcon.colcon_core.verb:set package 'keyboard_controller' build argument 'cmake_force_configure' from command line to 'False'
[2.130s] Level 5:colcon.colcon_core.verb:set package 'keyboard_controller' build argument 'ament_cmake_args' from command line to 'None'
[2.130s] Level 5:colcon.colcon_core.verb:set package 'keyboard_controller' build argument 'catkin_cmake_args' from command line to 'None'
[2.130s] Level 5:colcon.colcon_core.verb:set package 'keyboard_controller' build argument 'catkin_skip_building_tests' from command line to 'False'
[2.130s] DEBUG:colcon.colcon_core.verb:Building package 'keyboard_controller' with the following arguments: {'ament_cmake_args': None, 'build_base': '/home/jayden/ros2_realController_ws/src/keyboard_controller/build/keyboard_controller', 'catkin_cmake_args': None, 'catkin_skip_building_tests': False, 'cmake_args': None, 'cmake_clean_cache': False, 'cmake_clean_first': False, 'cmake_force_configure': False, 'cmake_target': None, 'cmake_target_skip_unavailable': False, 'install_base': '/home/jayden/ros2_realController_ws/src/keyboard_controller/install/keyboard_controller', 'merge_install': False, 'path': '/home/jayden/ros2_realController_ws/src/keyboard_controller', 'symlink_install': False, 'test_result_base': None}
[2.131s] INFO:colcon.colcon_core.executor:Executing jobs using 'parallel' executor
[2.134s] DEBUG:colcon.colcon_parallel_executor.executor.parallel:run_until_complete
[2.134s] INFO:colcon.colcon_ros.task.ament_python.build:Building ROS package in '/home/jayden/ros2_realController_ws/src/keyboard_controller' with build type 'ament_python'
[2.135s] Level 1:colcon.colcon_core.shell:create_environment_hook('keyboard_controller', 'ament_prefix_path')
[2.151s] INFO:colcon.colcon_core.plugin_system:Skipping extension 'colcon_core.shell.bat': Not used on non-Windows systems
[2.151s] INFO:colcon.colcon_core.shell:Creating environment hook '/home/jayden/ros2_realController_ws/src/keyboard_controller/install/keyboard_controller/share/keyboard_controller/hook/ament_prefix_path.ps1'
[2.154s] INFO:colcon.colcon_core.shell:Creating environment descriptor '/home/jayden/ros2_realController_ws/src/keyboard_controller/install/keyboard_controller/share/keyboard_controller/hook/ament_prefix_path.dsv'
[2.156s] INFO:colcon.colcon_core.shell:Creating environment hook '/home/jayden/ros2_realController_ws/src/keyboard_controller/install/keyboard_controller/share/keyboard_controller/hook/ament_prefix_path.sh'
[2.159s] INFO:colcon.colcon_core.shell:Skip shell extension 'powershell' for command environment: Not usable outside of PowerShell
[2.159s] DEBUG:colcon.colcon_core.shell:Skip shell extension 'dsv' for command environment
[2.871s] INFO:colcon.colcon_core.task.python.build:Building Python package in '/home/jayden/ros2_realController_ws/src/keyboard_controller'
[2.872s] INFO:colcon.colcon_core.shell:Skip shell extension 'powershell' for command environment: Not usable outside of PowerShell
[2.872s] DEBUG:colcon.colcon_core.shell:Skip shell extension 'dsv' for command environment
[6.062s] DEBUG:colcon.colcon_core.event_handler.log_command:Invoking command in '/home/jayden/ros2_realController_ws/src/keyboard_controller': PYTHONPATH=/home/jayden/ros2_realController_ws/src/keyboard_controller/build/keyboard_controller/prefix_override:/usr/lib/python3/dist-packages/colcon_core/task/python/colcon_distutils_commands:/home/jayden/ros2_realController_ws/src/keyboard_controller/install/keyboard_controller/lib/python3.10/site-packages:${PYTHONPATH} /usr/bin/python3 -W ignore:setup.py install is deprecated setup.py egg_info --egg-base build/keyboard_controller build --build-base /home/jayden/ros2_realController_ws/src/keyboard_controller/build/keyboard_controller/build install --record /home/jayden/ros2_realController_ws/src/keyboard_controller/build/keyboard_controller/install.log --single-version-externally-managed install_data
[6.866s] DEBUG:colcon.colcon_core.event_handler.log_command:Invoked command in '/home/jayden/ros2_realController_ws/src/keyboard_controller' returned '0': PYTHONPATH=/home/jayden/ros2_realController_ws/src/keyboard_controller/build/keyboard_controller/prefix_override:/usr/lib/python3/dist-packages/colcon_core/task/python/colcon_distutils_commands:/home/jayden/ros2_realController_ws/src/keyboard_controller/install/keyboard_controller/lib/python3.10/site-packages:${PYTHONPATH} /usr/bin/python3 -W ignore:setup.py install is deprecated setup.py egg_info --egg-base build/keyboard_controller build --build-base /home/jayden/ros2_realController_ws/src/keyboard_controller/build/keyboard_controller/build install --record /home/jayden/ros2_realController_ws/src/keyboard_controller/build/keyboard_controller/install.log --single-version-externally-managed install_data
[6.883s] Level 1:colcon.colcon_core.environment:checking '/home/jayden/ros2_realController_ws/src/keyboard_controller/install/keyboard_controller' for CMake module files
[6.885s] Level 1:colcon.colcon_core.environment:checking '/home/jayden/ros2_realController_ws/src/keyboard_controller/install/keyboard_controller' for CMake config files
[6.895s] Level 1:colcon.colcon_core.environment:checking '/home/jayden/ros2_realController_ws/src/keyboard_controller/install/keyboard_controller/lib'
[6.896s] Level 1:colcon.colcon_core.environment:checking '/home/jayden/ros2_realController_ws/src/keyboard_controller/install/keyboard_controller/bin'
[6.896s] Level 1:colcon.colcon_core.environment:checking '/home/jayden/ros2_realController_ws/src/keyboard_controller/install/keyboard_controller/lib/pkgconfig/keyboard_controller.pc'
[6.896s] Level 1:colcon.colcon_core.environment:checking '/home/jayden/ros2_realController_ws/src/keyboard_controller/install/keyboard_controller/lib/python3.10/site-packages'
[6.897s] Level 1:colcon.colcon_core.shell:create_environment_hook('keyboard_controller', 'pythonpath')
[6.897s] INFO:colcon.colcon_core.shell:Creating environment hook '/home/jayden/ros2_realController_ws/src/keyboard_controller/install/keyboard_controller/share/keyboard_controller/hook/pythonpath.ps1'
[6.899s] INFO:colcon.colcon_core.shell:Creating environment descriptor '/home/jayden/ros2_realController_ws/src/keyboard_controller/install/keyboard_controller/share/keyboard_controller/hook/pythonpath.dsv'
[6.899s] INFO:colcon.colcon_core.shell:Creating environment hook '/home/jayden/ros2_realController_ws/src/keyboard_controller/install/keyboard_controller/share/keyboard_controller/hook/pythonpath.sh'
[6.902s] Level 1:colcon.colcon_core.environment:checking '/home/jayden/ros2_realController_ws/src/keyboard_controller/install/keyboard_controller/bin'
[6.902s] Level 1:colcon.colcon_core.environment:create_environment_scripts_only(keyboard_controller)
[6.903s] INFO:colcon.colcon_core.shell:Creating package script '/home/jayden/ros2_realController_ws/src/keyboard_controller/install/keyboard_controller/share/keyboard_controller/package.ps1'
[6.907s] INFO:colcon.colcon_core.shell:Creating package descriptor '/home/jayden/ros2_realController_ws/src/keyboard_controller/install/keyboard_controller/share/keyboard_controller/package.dsv'
[6.909s] INFO:colcon.colcon_core.shell:Creating package script '/home/jayden/ros2_realController_ws/src/keyboard_controller/install/keyboard_controller/share/keyboard_controller/package.sh'
[6.911s] INFO:colcon.colcon_core.shell:Creating package script '/home/jayden/ros2_realController_ws/src/keyboard_controller/install/keyboard_controller/share/keyboard_controller/package.bash'
[6.914s] INFO:colcon.colcon_core.shell:Creating package script '/home/jayden/ros2_realController_ws/src/keyboard_controller/install/keyboard_controller/share/keyboard_controller/package.zsh'
[6.916s] Level 1:colcon.colcon_core.environment:create_file_with_runtime_dependencies(/home/jayden/ros2_realController_ws/src/keyboard_controller/install/keyboard_controller/share/colcon-core/packages/keyboard_controller)
[6.918s] DEBUG:colcon.colcon_parallel_executor.executor.parallel:closing loop
[6.920s] DEBUG:colcon.colcon_parallel_executor.executor.parallel:loop closed
[6.921s] DEBUG:colcon.colcon_parallel_executor.executor.parallel:run_until_complete finished with '0'
[6.921s] DEBUG:colcon.colcon_core.event_reactor:joining thread
[7.025s] INFO:colcon.colcon_core.plugin_system:Skipping extension 'colcon_notification.desktop_notification.notify_send': Could not find 'notify-send'
[7.025s] INFO:colcon.colcon_core.plugin_system:Skipping extension 'colcon_notification.desktop_notification.terminal_notifier': Not used on non-Darwin systems
[7.026s] INFO:colcon.colcon_core.plugin_system:Skipping extension 'colcon_notification.desktop_notification.win32': Not used on non-Windows systems
[7.026s] INFO:colcon.colcon_notification.desktop_notification:Sending desktop notification using 'notify2'
[7.026s] DEBUG:colcon.colcon_notification.desktop_notification.notify2:Failed to initialize notify2: org.freedesktop.DBus.Error.FileNotFound: Failed to connect to socket /run/user/1000/bus: No such file or directory
[7.026s] DEBUG:colcon.colcon_core.event_reactor:joined thread
[7.027s] INFO:colcon.colcon_core.shell:Creating prefix script '/home/jayden/ros2_realController_ws/src/keyboard_controller/install/local_setup.ps1'
[7.030s] INFO:colcon.colcon_core.shell:Creating prefix util module '/home/jayden/ros2_realController_ws/src/keyboard_controller/install/_local_setup_util_ps1.py'
[7.035s] INFO:colcon.colcon_core.shell:Creating prefix chain script '/home/jayden/ros2_realController_ws/src/keyboard_controller/install/setup.ps1'
[7.039s] INFO:colcon.colcon_core.shell:Creating prefix script '/home/jayden/ros2_realController_ws/src/keyboard_controller/install/local_setup.sh'
[7.042s] INFO:colcon.colcon_core.shell:Creating prefix util module '/home/jayden/ros2_realController_ws/src/keyboard_controller/install/_local_setup_util_sh.py'
[7.044s] INFO:colcon.colcon_core.shell:Creating prefix chain script '/home/jayden/ros2_realController_ws/src/keyboard_controller/install/setup.sh'
[7.049s] INFO:colcon.colcon_core.shell:Creating prefix script '/home/jayden/ros2_realController_ws/src/keyboard_controller/install/local_setup.bash'
[7.051s] INFO:colcon.colcon_core.shell:Creating prefix chain script '/home/jayden/ros2_realController_ws/src/keyboard_controller/install/setup.bash'
[7.055s] INFO:colcon.colcon_core.shell:Creating prefix script '/home/jayden/ros2_realController_ws/src/keyboard_controller/install/local_setup.zsh'
[7.056s] INFO:colcon.colcon_core.shell:Creating prefix chain script '/home/jayden/ros2_realController_ws/src/keyboard_controller/install/setup.zsh'
